{"C:\\Users\\BONJOUREX\\Desktop\\Code-project\\node_project\\backend\\index.js": {"path":"C:\\Users\\BONJOUREX\\Desktop\\Code-project\\node_project\\backend\\index.js","statementMap":{"0":{"start":{"line":24,"column":13},"end":{"line":24,"column":22}},"1":{"start":{"line":26,"column":22},"end":{"line":26,"column":34}},"2":{"start":{"line":27,"column":19},"end":{"line":27,"column":40}},"3":{"start":{"line":28,"column":14},"end":{"line":28,"column":38}},"4":{"start":{"line":29,"column":28},"end":{"line":29,"column":49}},"5":{"start":{"line":31,"column":0},"end":{"line":31,"column":19}},"6":{"start":{"line":34,"column":0},"end":{"line":34,"column":15}},"7":{"start":{"line":36,"column":15},"end":{"line":43,"column":3}},"8":{"start":{"line":45,"column":18},"end":{"line":59,"column":1}},"9":{"start":{"line":49,"column":4},"end":{"line":53,"column":5}},"10":{"start":{"line":50,"column":6},"end":{"line":50,"column":26}},"11":{"start":{"line":52,"column":6},"end":{"line":52,"column":56}},"12":{"start":{"line":62,"column":27},"end":{"line":79,"column":1}},"13":{"start":{"line":67,"column":2},"end":{"line":76,"column":3}},"14":{"start":{"line":69,"column":4},"end":{"line":69,"column":51}},"15":{"start":{"line":74,"column":4},"end":{"line":74,"column":40}},"16":{"start":{"line":77,"column":2},"end":{"line":77,"column":36}},"17":{"start":{"line":81,"column":0},"end":{"line":81,"column":35}},"18":{"start":{"line":86,"column":0},"end":{"line":86,"column":23}},"19":{"start":{"line":90,"column":0},"end":{"line":90,"column":17}},"20":{"start":{"line":95,"column":0},"end":{"line":95,"column":66}},"21":{"start":{"line":101,"column":24},"end":{"line":101,"column":96}},"22":{"start":{"line":104,"column":0},"end":{"line":104,"column":57}},"23":{"start":{"line":106,"column":1},"end":{"line":114,"column":6}},"24":{"start":{"line":115,"column":1},"end":{"line":115,"column":28}},"25":{"start":{"line":116,"column":1},"end":{"line":116,"column":31}},"26":{"start":{"line":117,"column":1},"end":{"line":117,"column":39}},"27":{"start":{"line":122,"column":0},"end":{"line":122,"column":51}},"28":{"start":{"line":123,"column":0},"end":{"line":123,"column":56}},"29":{"start":{"line":124,"column":0},"end":{"line":124,"column":26}},"30":{"start":{"line":135,"column":0},"end":{"line":135,"column":28}},"31":{"start":{"line":140,"column":0},"end":{"line":140,"column":55}},"32":{"start":{"line":141,"column":0},"end":{"line":144,"column":3}},"33":{"start":{"line":142,"column":3},"end":{"line":142,"column":39}},"34":{"start":{"line":143,"column":2},"end":{"line":143,"column":9}},"35":{"start":{"line":154,"column":1},"end":{"line":154,"column":31}},"36":{"start":{"line":155,"column":1},"end":{"line":155,"column":34}},"37":{"start":{"line":156,"column":1},"end":{"line":156,"column":39}},"38":{"start":{"line":157,"column":1},"end":{"line":157,"column":28}},"39":{"start":{"line":164,"column":23},"end":{"line":164,"column":25}},"40":{"start":{"line":165,"column":24},"end":{"line":165,"column":28}},"41":{"start":{"line":168,"column":6},"end":{"line":185,"column":9}},"42":{"start":{"line":169,"column":8},"end":{"line":172,"column":11}},"43":{"start":{"line":174,"column":19},"end":{"line":174,"column":38}},"44":{"start":{"line":176,"column":8},"end":{"line":179,"column":11}},"45":{"start":{"line":177,"column":10},"end":{"line":177,"column":76}},"46":{"start":{"line":178,"column":10},"end":{"line":178,"column":24}},"47":{"start":{"line":181,"column":8},"end":{"line":184,"column":11}},"48":{"start":{"line":183,"column":10},"end":{"line":183,"column":24}},"49":{"start":{"line":189,"column":6},"end":{"line":202,"column":7}},"50":{"start":{"line":190,"column":8},"end":{"line":190,"column":34}},"51":{"start":{"line":191,"column":6},"end":{"line":193,"column":11}},"52":{"start":{"line":195,"column":8},"end":{"line":195,"column":27}},"53":{"start":{"line":196,"column":8},"end":{"line":199,"column":9}},"54":{"start":{"line":198,"column":10},"end":{"line":198,"column":32}},"55":{"start":{"line":201,"column":8},"end":{"line":201,"column":47}},"56":{"start":{"line":205,"column":4},"end":{"line":205,"column":18}},"57":{"start":{"line":210,"column":0},"end":{"line":213,"column":2}},"58":{"start":{"line":212,"column":4},"end":{"line":212,"column":42}}},"fnMap":{"0":{"name":"(anonymous_0)","decl":{"start":{"line":47,"column":10},"end":{"line":47,"column":11}},"loc":{"start":{"line":47,"column":38},"end":{"line":54,"column":3}},"line":47},"1":{"name":"(anonymous_1)","decl":{"start":{"line":62,"column":27},"end":{"line":62,"column":28}},"loc":{"start":{"line":62,"column":52},"end":{"line":79,"column":1}},"line":62},"2":{"name":"(anonymous_2)","decl":{"start":{"line":141,"column":8},"end":{"line":141,"column":9}},"loc":{"start":{"line":141,"column":28},"end":{"line":144,"column":1}},"line":141},"3":{"name":"wholeConecrion","decl":{"start":{"line":163,"column":9},"end":{"line":163,"column":23}},"loc":{"start":{"line":163,"column":28},"end":{"line":206,"column":1}},"line":163},"4":{"name":"connectToDatabase","decl":{"start":{"line":167,"column":13},"end":{"line":167,"column":30}},"loc":{"start":{"line":167,"column":33},"end":{"line":186,"column":5}},"line":167},"5":{"name":"(anonymous_5)","decl":{"start":{"line":168,"column":25},"end":{"line":168,"column":26}},"loc":{"start":{"line":168,"column":46},"end":{"line":185,"column":7}},"line":168},"6":{"name":"(anonymous_6)","decl":{"start":{"line":176,"column":23},"end":{"line":176,"column":24}},"loc":{"start":{"line":176,"column":34},"end":{"line":179,"column":9}},"line":176},"7":{"name":"(anonymous_7)","decl":{"start":{"line":181,"column":24},"end":{"line":181,"column":25}},"loc":{"start":{"line":181,"column":30},"end":{"line":184,"column":9}},"line":181},"8":{"name":"startServer","decl":{"start":{"line":188,"column":19},"end":{"line":188,"column":30}},"loc":{"start":{"line":188,"column":33},"end":{"line":203,"column":5}},"line":188},"9":{"name":"(anonymous_9)","decl":{"start":{"line":191,"column":23},"end":{"line":191,"column":24}},"loc":{"start":{"line":191,"column":28},"end":{"line":193,"column":7}},"line":191},"10":{"name":"(anonymous_10)","decl":{"start":{"line":210,"column":13},"end":{"line":210,"column":14}},"loc":{"start":{"line":210,"column":24},"end":{"line":213,"column":1}},"line":210}},"branchMap":{"0":{"loc":{"start":{"line":28,"column":14},"end":{"line":28,"column":38}},"type":"binary-expr","locations":[{"start":{"line":28,"column":14},"end":{"line":28,"column":30}},{"start":{"line":28,"column":34},"end":{"line":28,"column":38}}],"line":28},"1":{"loc":{"start":{"line":49,"column":4},"end":{"line":53,"column":5}},"type":"if","locations":[{"start":{"line":49,"column":4},"end":{"line":53,"column":5}},{"start":{"line":51,"column":11},"end":{"line":53,"column":5}}],"line":49},"2":{"loc":{"start":{"line":67,"column":2},"end":{"line":76,"column":3}},"type":"if","locations":[{"start":{"line":67,"column":2},"end":{"line":76,"column":3}},{"start":{"line":70,"column":9},"end":{"line":76,"column":3}}],"line":67},"3":{"loc":{"start":{"line":67,"column":6},"end":{"line":67,"column":91}},"type":"binary-expr","locations":[{"start":{"line":67,"column":6},"end":{"line":67,"column":49}},{"start":{"line":67,"column":53},"end":{"line":67,"column":91}}],"line":67},"4":{"loc":{"start":{"line":196,"column":8},"end":{"line":199,"column":9}},"type":"if","locations":[{"start":{"line":196,"column":8},"end":{"line":199,"column":9}},{"start":{},"end":{}}],"line":196}},"s":{"0":1,"1":1,"2":1,"3":1,"4":1,"5":1,"6":1,"7":1,"8":1,"9":0,"10":0,"11":0,"12":1,"13":0,"14":0,"15":0,"16":0,"17":1,"18":1,"19":1,"20":1,"21":1,"22":1,"23":1,"24":1,"25":1,"26":1,"27":1,"28":1,"29":1,"30":1,"31":1,"32":1,"33":0,"34":0,"35":1,"36":1,"37":1,"38":1,"39":1,"40":1,"41":1,"42":1,"43":1,"44":1,"45":0,"46":0,"47":1,"48":0,"49":1,"50":1,"51":0,"52":0,"53":0,"54":0,"55":0,"56":1,"57":1,"58":0},"f":{"0":0,"1":0,"2":0,"3":1,"4":1,"5":1,"6":0,"7":0,"8":1,"9":0,"10":0},"b":{"0":[1,1],"1":[0,0],"2":[0,0],"3":[0,0],"4":[0,0]},"_coverageSchema":"1a1c01bbd47fc00a2c39e90264f33305004495a9","hash":"5e9195aa7943065e725a38a2ce8ac67b259b003c"}
,"C:\\Users\\BONJOUREX\\Desktop\\Code-project\\node_project\\backend\\controller\\general.js": {"path":"C:\\Users\\BONJOUREX\\Desktop\\Code-project\\node_project\\backend\\controller\\general.js","statementMap":{"0":{"start":{"line":3,"column":24},"end":{"line":11,"column":1}},"1":{"start":{"line":4,"column":4},"end":{"line":10,"column":5}},"2":{"start":{"line":5,"column":21},"end":{"line":5,"column":31}},"3":{"start":{"line":6,"column":23},"end":{"line":6,"column":52}},"4":{"start":{"line":7,"column":9},"end":{"line":7,"column":35}},"5":{"start":{"line":9,"column":8},"end":{"line":9,"column":49}}},"fnMap":{"0":{"name":"(anonymous_0)","decl":{"start":{"line":3,"column":24},"end":{"line":3,"column":25}},"loc":{"start":{"line":3,"column":40},"end":{"line":11,"column":1}},"line":3}},"branchMap":{},"s":{"0":1,"1":0,"2":0,"3":0,"4":0,"5":0},"f":{"0":0},"b":{},"_coverageSchema":"1a1c01bbd47fc00a2c39e90264f33305004495a9","hash":"7376afc914ace183df26ee2f65a48a908a372be4"}
,"C:\\Users\\BONJOUREX\\Desktop\\Code-project\\node_project\\backend\\controller\\clients\\geographics.js": {"path":"C:\\Users\\BONJOUREX\\Desktop\\Code-project\\node_project\\backend\\controller\\clients\\geographics.js","statementMap":{"0":{"start":{"line":5,"column":28},"end":{"line":28,"column":1}},"1":{"start":{"line":7,"column":22},"end":{"line":7,"column":40}},"2":{"start":{"line":9,"column":30},"end":{"line":19,"column":13}},"3":{"start":{"line":10,"column":37},"end":{"line":10,"column":40}},"4":{"start":{"line":11,"column":16},"end":{"line":11,"column":32}},"5":{"start":{"line":12,"column":40},"end":{"line":12,"column":63}},"6":{"start":{"line":13,"column":16},"end":{"line":17,"column":17}},"7":{"start":{"line":14,"column":24},"end":{"line":14,"column":48}},"8":{"start":{"line":16,"column":24},"end":{"line":16,"column":45}},"9":{"start":{"line":18,"column":17},"end":{"line":18,"column":28}},"10":{"start":{"line":21,"column":24},"end":{"line":24,"column":9}},"11":{"start":{"line":23,"column":12},"end":{"line":23,"column":40}},"12":{"start":{"line":26,"column":5},"end":{"line":26,"column":29}}},"fnMap":{"0":{"name":"(anonymous_0)","decl":{"start":{"line":5,"column":28},"end":{"line":5,"column":29}},"loc":{"start":{"line":5,"column":44},"end":{"line":28,"column":1}},"line":5},"1":{"name":"(anonymous_1)","decl":{"start":{"line":9,"column":42},"end":{"line":9,"column":43}},"loc":{"start":{"line":9,"column":53},"end":{"line":19,"column":9}},"line":9},"2":{"name":"(anonymous_2)","decl":{"start":{"line":21,"column":56},"end":{"line":21,"column":57}},"loc":{"start":{"line":21,"column":71},"end":{"line":24,"column":8}},"line":21}},"branchMap":{"0":{"loc":{"start":{"line":11,"column":23},"end":{"line":11,"column":32}},"type":"binary-expr","locations":[{"start":{"line":11,"column":23},"end":{"line":11,"column":26}},{"start":{"line":11,"column":30},"end":{"line":11,"column":32}}],"line":11},"1":{"loc":{"start":{"line":13,"column":16},"end":{"line":17,"column":17}},"type":"if","locations":[{"start":{"line":13,"column":16},"end":{"line":17,"column":17}},{"start":{"line":15,"column":21},"end":{"line":17,"column":17}}],"line":13}},"s":{"0":1,"1":0,"2":0,"3":0,"4":0,"5":0,"6":0,"7":0,"8":0,"9":0,"10":0,"11":0,"12":0},"f":{"0":0,"1":0,"2":0},"b":{"0":[0,0],"1":[0,0]},"_coverageSchema":"1a1c01bbd47fc00a2c39e90264f33305004495a9","hash":"881a8bc2fe06e8c2994a8c48a51e574a015cdd77"}
,"C:\\Users\\BONJOUREX\\Desktop\\Code-project\\node_project\\backend\\controller\\clients\\getTransaction.js": {"path":"C:\\Users\\BONJOUREX\\Desktop\\Code-project\\node_project\\backend\\controller\\clients\\getTransaction.js","statementMap":{"0":{"start":{"line":3,"column":30},"end":{"line":47,"column":1}},"1":{"start":{"line":5,"column":52},"end":{"line":5,"column":61}},"2":{"start":{"line":7,"column":16},"end":{"line":7,"column":18}},"3":{"start":{"line":9,"column":2},"end":{"line":12,"column":3}},"4":{"start":{"line":10,"column":21},"end":{"line":10,"column":37}},"5":{"start":{"line":11,"column":6},"end":{"line":11,"column":69}},"6":{"start":{"line":14,"column":2},"end":{"line":43,"column":3}},"7":{"start":{"line":16,"column":27},"end":{"line":21,"column":64}},"8":{"start":{"line":25,"column":10},"end":{"line":25,"column":60}},"9":{"start":{"line":27,"column":28},"end":{"line":29,"column":12}},"10":{"start":{"line":35,"column":10},"end":{"line":39,"column":12}},"11":{"start":{"line":42,"column":11},"end":{"line":42,"column":52}}},"fnMap":{"0":{"name":"(anonymous_0)","decl":{"start":{"line":3,"column":30},"end":{"line":3,"column":31}},"loc":{"start":{"line":3,"column":47},"end":{"line":47,"column":1}},"line":3}},"branchMap":{"0":{"loc":{"start":{"line":5,"column":9},"end":{"line":5,"column":15}},"type":"default-arg","locations":[{"start":{"line":5,"column":14},"end":{"line":5,"column":15}}],"line":5},"1":{"loc":{"start":{"line":5,"column":16},"end":{"line":5,"column":27}},"type":"default-arg","locations":[{"start":{"line":5,"column":25},"end":{"line":5,"column":27}}],"line":5},"2":{"loc":{"start":{"line":5,"column":28},"end":{"line":5,"column":37}},"type":"default-arg","locations":[{"start":{"line":5,"column":33},"end":{"line":5,"column":37}}],"line":5},"3":{"loc":{"start":{"line":5,"column":38},"end":{"line":5,"column":47}},"type":"default-arg","locations":[{"start":{"line":5,"column":45},"end":{"line":5,"column":47}}],"line":5},"4":{"loc":{"start":{"line":9,"column":2},"end":{"line":12,"column":3}},"type":"if","locations":[{"start":{"line":9,"column":2},"end":{"line":12,"column":3}},{"start":{},"end":{}}],"line":9},"5":{"loc":{"start":{"line":11,"column":37},"end":{"line":11,"column":69}},"type":"cond-expr","locations":[{"start":{"line":11,"column":63},"end":{"line":11,"column":64}},{"start":{"line":11,"column":67},"end":{"line":11,"column":69}}],"line":11}},"s":{"0":1,"1":0,"2":0,"3":0,"4":0,"5":0,"6":0,"7":0,"8":0,"9":0,"10":0,"11":0},"f":{"0":0},"b":{"0":[0],"1":[0],"2":[0],"3":[0],"4":[0,0],"5":[0,0]},"_coverageSchema":"1a1c01bbd47fc00a2c39e90264f33305004495a9","hash":"f9b0e65dac7272b8a80a5e644dd8919b703135cd"}
,"C:\\Users\\BONJOUREX\\Desktop\\Code-project\\node_project\\backend\\controller\\clients\\login.js": {"path":"C:\\Users\\BONJOUREX\\Desktop\\Code-project\\node_project\\backend\\controller\\clients\\login.js","statementMap":{"0":{"start":{"line":6,"column":37},"end":{"line":6,"column":40}},"1":{"start":{"line":8,"column":23},"end":{"line":31,"column":2}},"2":{"start":{"line":9,"column":42},"end":{"line":9,"column":50}},"3":{"start":{"line":10,"column":15},"end":{"line":10,"column":17}},"4":{"start":{"line":11,"column":4},"end":{"line":11,"column":44}},"5":{"start":{"line":11,"column":15},"end":{"line":11,"column":44}},"6":{"start":{"line":12,"column":4},"end":{"line":12,"column":50}},"7":{"start":{"line":12,"column":18},"end":{"line":12,"column":50}},"8":{"start":{"line":13,"column":21},"end":{"line":13,"column":81}},"9":{"start":{"line":14,"column":4},"end":{"line":16,"column":5}},"10":{"start":{"line":15,"column":8},"end":{"line":15,"column":42}},"11":{"start":{"line":17,"column":4},"end":{"line":19,"column":5}},"12":{"start":{"line":18,"column":7},"end":{"line":18,"column":56}},"13":{"start":{"line":20,"column":4},"end":{"line":22,"column":5}},"14":{"start":{"line":21,"column":8},"end":{"line":21,"column":66}},"15":{"start":{"line":26,"column":28},"end":{"line":26,"column":74}},"16":{"start":{"line":27,"column":21},"end":{"line":27,"column":57}},"17":{"start":{"line":30,"column":4},"end":{"line":30,"column":165}}},"fnMap":{"0":{"name":"(anonymous_0)","decl":{"start":{"line":8,"column":23},"end":{"line":8,"column":24}},"loc":{"start":{"line":8,"column":39},"end":{"line":31,"column":2}},"line":8}},"branchMap":{"0":{"loc":{"start":{"line":11,"column":4},"end":{"line":11,"column":44}},"type":"if","locations":[{"start":{"line":11,"column":4},"end":{"line":11,"column":44}},{"start":{},"end":{}}],"line":11},"1":{"loc":{"start":{"line":12,"column":4},"end":{"line":12,"column":50}},"type":"if","locations":[{"start":{"line":12,"column":4},"end":{"line":12,"column":50}},{"start":{},"end":{}}],"line":12},"2":{"loc":{"start":{"line":14,"column":4},"end":{"line":16,"column":5}},"type":"if","locations":[{"start":{"line":14,"column":4},"end":{"line":16,"column":5}},{"start":{},"end":{}}],"line":14},"3":{"loc":{"start":{"line":17,"column":4},"end":{"line":19,"column":5}},"type":"if","locations":[{"start":{"line":17,"column":4},"end":{"line":19,"column":5}},{"start":{},"end":{}}],"line":17},"4":{"loc":{"start":{"line":20,"column":4},"end":{"line":22,"column":5}},"type":"if","locations":[{"start":{"line":20,"column":4},"end":{"line":22,"column":5}},{"start":{},"end":{}}],"line":20}},"s":{"0":1,"1":1,"2":0,"3":0,"4":0,"5":0,"6":0,"7":0,"8":0,"9":0,"10":0,"11":0,"12":0,"13":0,"14":0,"15":0,"16":0,"17":0},"f":{"0":0},"b":{"0":[0,0],"1":[0,0],"2":[0,0],"3":[0,0],"4":[0,0]},"_coverageSchema":"1a1c01bbd47fc00a2c39e90264f33305004495a9","hash":"aee730fd951eaebe9874be3e4f7686be4d959008"}
,"C:\\Users\\BONJOUREX\\Desktop\\Code-project\\node_project\\backend\\controller\\clients\\product.js": {"path":"C:\\Users\\BONJOUREX\\Desktop\\Code-project\\node_project\\backend\\controller\\clients\\product.js","statementMap":{"0":{"start":{"line":4,"column":27},"end":{"line":80,"column":1}},"1":{"start":{"line":14,"column":33},"end":{"line":57,"column":16}},"2":{"start":{"line":78,"column":0},"end":{"line":78,"column":32}}},"fnMap":{"0":{"name":"(anonymous_0)","decl":{"start":{"line":4,"column":27},"end":{"line":4,"column":28}},"loc":{"start":{"line":4,"column":44},"end":{"line":80,"column":1}},"line":4}},"branchMap":{},"s":{"0":1,"1":0,"2":0},"f":{"0":0},"b":{},"_coverageSchema":"1a1c01bbd47fc00a2c39e90264f33305004495a9","hash":"ca71ba32a93521dcde12cd8b8b6625bf9bcb5059"}
,"C:\\Users\\BONJOUREX\\Desktop\\Code-project\\node_project\\backend\\controller\\clients\\profile.js": {"path":"C:\\Users\\BONJOUREX\\Desktop\\Code-project\\node_project\\backend\\controller\\clients\\profile.js","statementMap":{"0":{"start":{"line":1,"column":31},"end":{"line":4,"column":1}},"1":{"start":{"line":3,"column":2},"end":{"line":3,"column":35}}},"fnMap":{"0":{"name":"(anonymous_0)","decl":{"start":{"line":1,"column":31},"end":{"line":1,"column":32}},"loc":{"start":{"line":1,"column":42},"end":{"line":4,"column":1}},"line":1}},"branchMap":{},"s":{"0":1,"1":0},"f":{"0":0},"b":{},"_coverageSchema":"1a1c01bbd47fc00a2c39e90264f33305004495a9","hash":"7d67240f337d13155909b8bdc5457a471b56b8bf"}
,"C:\\Users\\BONJOUREX\\Desktop\\Code-project\\node_project\\backend\\controller\\clients\\register.js": {"path":"C:\\Users\\BONJOUREX\\Desktop\\Code-project\\node_project\\backend\\controller\\clients\\register.js","statementMap":{"0":{"start":{"line":4,"column":28},"end":{"line":31,"column":1}},"1":{"start":{"line":5,"column":1},"end":{"line":5,"column":22}},"2":{"start":{"line":6,"column":34},"end":{"line":6,"column":42}},"3":{"start":{"line":7,"column":25},"end":{"line":7,"column":67}},"4":{"start":{"line":8,"column":17},"end":{"line":23,"column":19}},"5":{"start":{"line":25,"column":10},"end":{"line":25,"column":27}},"6":{"start":{"line":26,"column":12},"end":{"line":26,"column":28}},"7":{"start":{"line":27,"column":0},"end":{"line":27,"column":11}}},"fnMap":{"0":{"name":"(anonymous_0)","decl":{"start":{"line":4,"column":28},"end":{"line":4,"column":29}},"loc":{"start":{"line":4,"column":50},"end":{"line":31,"column":1}},"line":4}},"branchMap":{},"s":{"0":1,"1":0,"2":0,"3":0,"4":0,"5":0,"6":0,"7":0},"f":{"0":0},"b":{},"_coverageSchema":"1a1c01bbd47fc00a2c39e90264f33305004495a9","hash":"7d5b46c8fcc6a1e508977086d07749a479bcfeca"}
,"C:\\Users\\BONJOUREX\\Desktop\\Code-project\\node_project\\backend\\controller\\clients\\requetPassword.js": {"path":"C:\\Users\\BONJOUREX\\Desktop\\Code-project\\node_project\\backend\\controller\\clients\\requetPassword.js","statementMap":{"0":{"start":{"line":9,"column":33},"end":{"line":57,"column":1}},"1":{"start":{"line":11,"column":8},"end":{"line":11,"column":93}},"2":{"start":{"line":11,"column":51},"end":{"line":11,"column":93}},"3":{"start":{"line":13,"column":20},"end":{"line":13,"column":65}},"4":{"start":{"line":14,"column":8},"end":{"line":14,"column":55}},"5":{"start":{"line":14,"column":18},"end":{"line":14,"column":55}},"6":{"start":{"line":16,"column":23},"end":{"line":16,"column":54}},"7":{"start":{"line":18,"column":8},"end":{"line":55,"column":10}},"8":{"start":{"line":36,"column":16},"end":{"line":36,"column":71}},"9":{"start":{"line":36,"column":24},"end":{"line":36,"column":71}},"10":{"start":{"line":37,"column":14},"end":{"line":52,"column":15}},"11":{"start":{"line":38,"column":34},"end":{"line":41,"column":18}},"12":{"start":{"line":43,"column":16},"end":{"line":43,"column":52}},"13":{"start":{"line":44,"column":16},"end":{"line":48,"column":17}},"14":{"start":{"line":45,"column":24},"end":{"line":45,"column":68}},"15":{"start":{"line":47,"column":24},"end":{"line":47,"column":71}},"16":{"start":{"line":50,"column":16},"end":{"line":50,"column":42}},"17":{"start":{"line":51,"column":16},"end":{"line":51,"column":52}}},"fnMap":{"0":{"name":"(anonymous_0)","decl":{"start":{"line":9,"column":33},"end":{"line":9,"column":34}},"loc":{"start":{"line":9,"column":50},"end":{"line":57,"column":1}},"line":9},"1":{"name":"(anonymous_1)","decl":{"start":{"line":34,"column":14},"end":{"line":34,"column":15}},"loc":{"start":{"line":34,"column":30},"end":{"line":55,"column":9}},"line":34}},"branchMap":{"0":{"loc":{"start":{"line":11,"column":8},"end":{"line":11,"column":93}},"type":"if","locations":[{"start":{"line":11,"column":8},"end":{"line":11,"column":93}},{"start":{},"end":{}}],"line":11},"1":{"loc":{"start":{"line":11,"column":11},"end":{"line":11,"column":49}},"type":"binary-expr","locations":[{"start":{"line":11,"column":11},"end":{"line":11,"column":26}},{"start":{"line":11,"column":30},"end":{"line":11,"column":49}}],"line":11},"2":{"loc":{"start":{"line":14,"column":8},"end":{"line":14,"column":55}},"type":"if","locations":[{"start":{"line":14,"column":8},"end":{"line":14,"column":55}},{"start":{},"end":{}}],"line":14},"3":{"loc":{"start":{"line":36,"column":16},"end":{"line":36,"column":71}},"type":"if","locations":[{"start":{"line":36,"column":16},"end":{"line":36,"column":71}},{"start":{},"end":{}}],"line":36},"4":{"loc":{"start":{"line":44,"column":16},"end":{"line":48,"column":17}},"type":"if","locations":[{"start":{"line":44,"column":16},"end":{"line":48,"column":17}},{"start":{"line":46,"column":21},"end":{"line":48,"column":17}}],"line":44}},"s":{"0":1,"1":0,"2":0,"3":0,"4":0,"5":0,"6":0,"7":0,"8":0,"9":0,"10":0,"11":0,"12":0,"13":0,"14":0,"15":0,"16":0,"17":0},"f":{"0":0,"1":0},"b":{"0":[0,0],"1":[0,0],"2":[0,0],"3":[0,0],"4":[0,0]},"_coverageSchema":"1a1c01bbd47fc00a2c39e90264f33305004495a9","hash":"b66283920cb813a4043c0cd71a037acf7cce672f"}
,"C:\\Users\\BONJOUREX\\Desktop\\Code-project\\node_project\\backend\\controller\\clients\\resetPassword.js": {"path":"C:\\Users\\BONJOUREX\\Desktop\\Code-project\\node_project\\backend\\controller\\clients\\resetPassword.js","statementMap":{"0":{"start":{"line":5,"column":28},"end":{"line":39,"column":1}},"1":{"start":{"line":6,"column":41},"end":{"line":6,"column":49}},"2":{"start":{"line":7,"column":8},"end":{"line":7,"column":78}},"3":{"start":{"line":7,"column":35},"end":{"line":7,"column":78}},"4":{"start":{"line":8,"column":8},"end":{"line":8,"column":78}},"5":{"start":{"line":8,"column":35},"end":{"line":8,"column":78}},"6":{"start":{"line":10,"column":9},"end":{"line":31,"column":10}},"7":{"start":{"line":11,"column":26},"end":{"line":11,"column":81}},"8":{"start":{"line":13,"column":23},"end":{"line":13,"column":103}},"9":{"start":{"line":14,"column":11},"end":{"line":16,"column":12}},"10":{"start":{"line":15,"column":16},"end":{"line":15,"column":54}},"11":{"start":{"line":17,"column":33},"end":{"line":17,"column":81}},"12":{"start":{"line":18,"column":27},"end":{"line":18,"column":103}},"13":{"start":{"line":21,"column":10},"end":{"line":26,"column":11}},"14":{"start":{"line":22,"column":15},"end":{"line":22,"column":73}},"15":{"start":{"line":23,"column":14},"end":{"line":23,"column":58}},"16":{"start":{"line":25,"column":15},"end":{"line":25,"column":62}},"17":{"start":{"line":29,"column":16},"end":{"line":29,"column":34}},"18":{"start":{"line":30,"column":16},"end":{"line":30,"column":70}}},"fnMap":{"0":{"name":"(anonymous_0)","decl":{"start":{"line":5,"column":28},"end":{"line":5,"column":29}},"loc":{"start":{"line":5,"column":45},"end":{"line":39,"column":1}},"line":5}},"branchMap":{"0":{"loc":{"start":{"line":7,"column":8},"end":{"line":7,"column":78}},"type":"if","locations":[{"start":{"line":7,"column":8},"end":{"line":7,"column":78}},{"start":{},"end":{}}],"line":7},"1":{"loc":{"start":{"line":7,"column":11},"end":{"line":7,"column":33}},"type":"binary-expr","locations":[{"start":{"line":7,"column":11},"end":{"line":7,"column":17}},{"start":{"line":7,"column":21},"end":{"line":7,"column":33}}],"line":7},"2":{"loc":{"start":{"line":8,"column":8},"end":{"line":8,"column":78}},"type":"if","locations":[{"start":{"line":8,"column":8},"end":{"line":8,"column":78}},{"start":{},"end":{}}],"line":8},"3":{"loc":{"start":{"line":8,"column":11},"end":{"line":8,"column":33}},"type":"binary-expr","locations":[{"start":{"line":8,"column":11},"end":{"line":8,"column":17}},{"start":{"line":8,"column":21},"end":{"line":8,"column":33}}],"line":8},"4":{"loc":{"start":{"line":14,"column":11},"end":{"line":16,"column":12}},"type":"if","locations":[{"start":{"line":14,"column":11},"end":{"line":16,"column":12}},{"start":{},"end":{}}],"line":14},"5":{"loc":{"start":{"line":21,"column":10},"end":{"line":26,"column":11}},"type":"if","locations":[{"start":{"line":21,"column":10},"end":{"line":26,"column":11}},{"start":{"line":24,"column":16},"end":{"line":26,"column":11}}],"line":21}},"s":{"0":1,"1":0,"2":0,"3":0,"4":0,"5":0,"6":0,"7":0,"8":0,"9":0,"10":0,"11":0,"12":0,"13":0,"14":0,"15":0,"16":0,"17":0,"18":0},"f":{"0":0},"b":{"0":[0,0],"1":[0,0],"2":[0,0],"3":[0,0],"4":[0,0],"5":[0,0]},"_coverageSchema":"1a1c01bbd47fc00a2c39e90264f33305004495a9","hash":"95a97e73eaa89bdf28266ca691f338951d74c206"}
,"C:\\Users\\BONJOUREX\\Desktop\\Code-project\\node_project\\backend\\controller\\clients\\salesStat.js": {"path":"C:\\Users\\BONJOUREX\\Desktop\\Code-project\\node_project\\backend\\controller\\clients\\salesStat.js","statementMap":{"0":{"start":{"line":4,"column":33},"end":{"line":14,"column":1}},"1":{"start":{"line":6,"column":8},"end":{"line":12,"column":9}},"2":{"start":{"line":7,"column":30},"end":{"line":7,"column":50}},"3":{"start":{"line":9,"column":16},"end":{"line":9,"column":44}},"4":{"start":{"line":11,"column":16},"end":{"line":11,"column":59}}},"fnMap":{"0":{"name":"(anonymous_0)","decl":{"start":{"line":4,"column":33},"end":{"line":4,"column":34}},"loc":{"start":{"line":4,"column":50},"end":{"line":14,"column":1}},"line":4}},"branchMap":{},"s":{"0":1,"1":0,"2":0,"3":0,"4":0},"f":{"0":0},"b":{},"_coverageSchema":"1a1c01bbd47fc00a2c39e90264f33305004495a9","hash":"03ffd99a7b0fbde9bb50b4db6b70c3414fbccc92"}
,"C:\\Users\\BONJOUREX\\Desktop\\Code-project\\node_project\\backend\\data\\index.js": {"path":"C:\\Users\\BONJOUREX\\Desktop\\Code-project\\node_project\\backend\\data\\index.js","statementMap":{"0":{"start":{"line":1,"column":33},"end":{"line":1807,"column":7}},"1":{"start":{"line":1809,"column":37},"end":{"line":2267,"column":7}},"2":{"start":{"line":2269,"column":33},"end":{"line":2540,"column":7}},"3":{"start":{"line":2542,"column":37},"end":{"line":12803,"column":7}},"4":{"start":{"line":12805,"column":37},"end":{"line":17307,"column":7}},"5":{"start":{"line":17309,"column":30},"end":{"line":22978,"column":7}}},"fnMap":{},"branchMap":{},"s":{"0":1,"1":1,"2":1,"3":1,"4":1,"5":1},"f":{},"b":{},"_coverageSchema":"1a1c01bbd47fc00a2c39e90264f33305004495a9","hash":"4fd88abdfc4f1a174b1fef5543b08ecb5b77cd8f"}
,"C:\\Users\\BONJOUREX\\Desktop\\Code-project\\node_project\\backend\\lib\\crypto.js": {"path":"C:\\Users\\BONJOUREX\\Desktop\\Code-project\\node_project\\backend\\lib\\crypto.js","statementMap":{"0":{"start":{"line":2,"column":37},"end":{"line":2,"column":40}},"1":{"start":{"line":4,"column":22},"end":{"line":105,"column":3}},"2":{"start":{"line":8,"column":34},"end":{"line":8,"column":36}},"3":{"start":{"line":9,"column":43},"end":{"line":9,"column":44}},"4":{"start":{"line":10,"column":12},"end":{"line":10,"column":32}},"5":{"start":{"line":12,"column":12},"end":{"line":17,"column":13}},"6":{"start":{"line":12,"column":26},"end":{"line":12,"column":27}},"7":{"start":{"line":13,"column":16},"end":{"line":13,"column":53}},"8":{"start":{"line":14,"column":16},"end":{"line":14,"column":56}},"9":{"start":{"line":15,"column":16},"end":{"line":15,"column":49}},"10":{"start":{"line":19,"column":16},"end":{"line":19,"column":55}},"11":{"start":{"line":20,"column":40},"end":{"line":20,"column":42}},"12":{"start":{"line":21,"column":12},"end":{"line":25,"column":13}},"13":{"start":{"line":21,"column":26},"end":{"line":21,"column":27}},"14":{"start":{"line":22,"column":36},"end":{"line":22,"column":84}},"15":{"start":{"line":23,"column":16},"end":{"line":23,"column":51}},"16":{"start":{"line":29,"column":29},"end":{"line":29,"column":67}},"17":{"start":{"line":32,"column":40},"end":{"line":32,"column":42}},"18":{"start":{"line":33,"column":12},"end":{"line":56,"column":13}},"19":{"start":{"line":34,"column":28},"end":{"line":34,"column":48}},"20":{"start":{"line":35,"column":31},"end":{"line":35,"column":63}},"21":{"start":{"line":36,"column":33},"end":{"line":36,"column":34}},"22":{"start":{"line":37,"column":32},"end":{"line":37,"column":46}},"23":{"start":{"line":38,"column":34},"end":{"line":38,"column":36}},"24":{"start":{"line":39,"column":16},"end":{"line":44,"column":17}},"25":{"start":{"line":40,"column":35},"end":{"line":40,"column":71}},"26":{"start":{"line":41,"column":20},"end":{"line":41,"column":43}},"27":{"start":{"line":43,"column":20},"end":{"line":43,"column":42}},"28":{"start":{"line":46,"column":45},"end":{"line":46,"column":47}},"29":{"start":{"line":47,"column":16},"end":{"line":51,"column":17}},"30":{"start":{"line":48,"column":33},"end":{"line":48,"column":54}},"31":{"start":{"line":50,"column":20},"end":{"line":50,"column":63}},"32":{"start":{"line":54,"column":16},"end":{"line":54,"column":107}},"33":{"start":{"line":62,"column":12},"end":{"line":62,"column":29}},"34":{"start":{"line":63,"column":39},"end":{"line":63,"column":40}},"35":{"start":{"line":64,"column":12},"end":{"line":66,"column":13}},"36":{"start":{"line":64,"column":29},"end":{"line":64,"column":30}},"37":{"start":{"line":65,"column":16},"end":{"line":65,"column":60}},"38":{"start":{"line":68,"column":12},"end":{"line":70,"column":13}},"39":{"start":{"line":69,"column":16},"end":{"line":69,"column":28}},"40":{"start":{"line":72,"column":12},"end":{"line":99,"column":13}},"41":{"start":{"line":76,"column":35},"end":{"line":76,"column":61}},"42":{"start":{"line":77,"column":12},"end":{"line":77,"column":59}},"43":{"start":{"line":78,"column":34},"end":{"line":78,"column":36}},"44":{"start":{"line":79,"column":22},"end":{"line":79,"column":23}},"45":{"start":{"line":81,"column":26},"end":{"line":81,"column":50}},"46":{"start":{"line":82,"column":12},"end":{"line":85,"column":13}},"47":{"start":{"line":83,"column":16},"end":{"line":83,"column":65}},"48":{"start":{"line":84,"column":16},"end":{"line":84,"column":22}},"49":{"start":{"line":89,"column":38},"end":{"line":89,"column":79}},"50":{"start":{"line":91,"column":38},"end":{"line":91,"column":40}},"51":{"start":{"line":92,"column":16},"end":{"line":94,"column":17}},"52":{"start":{"line":92,"column":34},"end":{"line":92,"column":35}},"53":{"start":{"line":93,"column":21},"end":{"line":93,"column":106}},"54":{"start":{"line":96,"column":16},"end":{"line":96,"column":56}}},"fnMap":{"0":{"name":"encoder","decl":{"start":{"line":5,"column":25},"end":{"line":5,"column":32}},"loc":{"start":{"line":6,"column":8},"end":{"line":59,"column":9}},"line":6},"1":{"name":"decode","decl":{"start":{"line":60,"column":26},"end":{"line":60,"column":32}},"loc":{"start":{"line":60,"column":65},"end":{"line":101,"column":9}},"line":60}},"branchMap":{"0":{"loc":{"start":{"line":5,"column":33},"end":{"line":5,"column":77}},"type":"default-arg","locations":[{"start":{"line":5,"column":40},"end":{"line":5,"column":77}}],"line":5},"1":{"loc":{"start":{"line":5,"column":86},"end":{"line":5,"column":111}},"type":"default-arg","locations":[{"start":{"line":5,"column":102},"end":{"line":5,"column":111}}],"line":5},"2":{"loc":{"start":{"line":33,"column":12},"end":{"line":56,"column":13}},"type":"if","locations":[{"start":{"line":33,"column":12},"end":{"line":56,"column":13}},{"start":{},"end":{}}],"line":33},"3":{"loc":{"start":{"line":68,"column":12},"end":{"line":70,"column":13}},"type":"if","locations":[{"start":{"line":68,"column":12},"end":{"line":70,"column":13}},{"start":{},"end":{}}],"line":68}},"s":{"0":1,"1":1,"2":0,"3":0,"4":0,"5":0,"6":0,"7":0,"8":0,"9":0,"10":0,"11":0,"12":0,"13":0,"14":0,"15":0,"16":0,"17":0,"18":0,"19":0,"20":0,"21":0,"22":0,"23":0,"24":0,"25":0,"26":0,"27":0,"28":0,"29":0,"30":0,"31":0,"32":0,"33":0,"34":0,"35":0,"36":0,"37":0,"38":0,"39":0,"40":0,"41":0,"42":0,"43":0,"44":0,"45":0,"46":0,"47":0,"48":0,"49":0,"50":0,"51":0,"52":0,"53":0,"54":0},"f":{"0":0,"1":0},"b":{"0":[0],"1":[0],"2":[0,0],"3":[0,0]},"_coverageSchema":"1a1c01bbd47fc00a2c39e90264f33305004495a9","hash":"c79a0cec4be03b0eb69f36a8bff36db045e5ee13"}
,"C:\\Users\\BONJOUREX\\Desktop\\Code-project\\node_project\\backend\\lib\\dir.js": {"path":"C:\\Users\\BONJOUREX\\Desktop\\Code-project\\node_project\\backend\\lib\\dir.js","statementMap":{"0":{"start":{"line":5,"column":27},"end":{"line":14,"column":1}},"1":{"start":{"line":7,"column":26},"end":{"line":7,"column":94}},"2":{"start":{"line":10,"column":8},"end":{"line":13,"column":10}}},"fnMap":{"0":{"name":"(anonymous_0)","decl":{"start":{"line":5,"column":27},"end":{"line":5,"column":28}},"loc":{"start":{"line":5,"column":31},"end":{"line":14,"column":1}},"line":5}},"branchMap":{},"s":{"0":1,"1":1,"2":1},"f":{"0":1},"b":{},"_coverageSchema":"1a1c01bbd47fc00a2c39e90264f33305004495a9","hash":"fe427cf1c13966c21c216254b172b972de3b52a7"}
,"C:\\Users\\BONJOUREX\\Desktop\\Code-project\\node_project\\backend\\lib\\mailer.js": {"path":"C:\\Users\\BONJOUREX\\Desktop\\Code-project\\node_project\\backend\\lib\\mailer.js","statementMap":{"0":{"start":{"line":11,"column":21},"end":{"line":49,"column":1}},"1":{"start":{"line":11,"column":45},"end":{"line":49,"column":1}},"2":{"start":{"line":51,"column":23},"end":{"line":121,"column":1}},"3":{"start":{"line":74,"column":20},"end":{"line":100,"column":2}},"4":{"start":{"line":102,"column":14},"end":{"line":107,"column":5}},"5":{"start":{"line":109,"column":5},"end":{"line":119,"column":6}},"6":{"start":{"line":110,"column":8},"end":{"line":117,"column":9}},"7":{"start":{"line":111,"column":10},"end":{"line":111,"column":26}},"8":{"start":{"line":112,"column":10},"end":{"line":112,"column":22}},"9":{"start":{"line":113,"column":10},"end":{"line":113,"column":16}},"10":{"start":{"line":115,"column":10},"end":{"line":115,"column":29}}},"fnMap":{"0":{"name":"(anonymous_0)","decl":{"start":{"line":11,"column":21},"end":{"line":11,"column":22}},"loc":{"start":{"line":11,"column":45},"end":{"line":49,"column":1}},"line":11},"1":{"name":"(anonymous_1)","decl":{"start":{"line":51,"column":23},"end":{"line":51,"column":24}},"loc":{"start":{"line":51,"column":64},"end":{"line":121,"column":1}},"line":51},"2":{"name":"(anonymous_2)","decl":{"start":{"line":109,"column":35},"end":{"line":109,"column":36}},"loc":{"start":{"line":109,"column":55},"end":{"line":118,"column":5}},"line":109}},"branchMap":{"0":{"loc":{"start":{"line":51,"column":30},"end":{"line":51,"column":35}},"type":"default-arg","locations":[{"start":{"line":51,"column":33},"end":{"line":51,"column":35}}],"line":51},"1":{"loc":{"start":{"line":110,"column":8},"end":{"line":117,"column":9}},"type":"if","locations":[{"start":{"line":110,"column":8},"end":{"line":117,"column":9}},{"start":{"line":114,"column":15},"end":{"line":117,"column":9}}],"line":110}},"s":{"0":1,"1":0,"2":1,"3":0,"4":0,"5":0,"6":0,"7":0,"8":0,"9":0,"10":0},"f":{"0":0,"1":0,"2":0},"b":{"0":[0],"1":[0,0]},"_coverageSchema":"1a1c01bbd47fc00a2c39e90264f33305004495a9","hash":"2f3e0974220cd81e287ba6a1512723271d0d1b1c"}
,"C:\\Users\\BONJOUREX\\Desktop\\Code-project\\node_project\\backend\\lib\\passwordGeneator.js": {"path":"C:\\Users\\BONJOUREX\\Desktop\\Code-project\\node_project\\backend\\lib\\passwordGeneator.js","statementMap":{"0":{"start":{"line":7,"column":17},"end":{"line":7,"column":55}},"1":{"start":{"line":8,"column":21},"end":{"line":8,"column":87}},"2":{"start":{"line":9,"column":12},"end":{"line":12,"column":6}},"3":{"start":{"line":13,"column":5},"end":{"line":13,"column":15}},"4":{"start":{"line":18,"column":18},"end":{"line":18,"column":90}},"5":{"start":{"line":20,"column":6},"end":{"line":24,"column":7}},"6":{"start":{"line":21,"column":8},"end":{"line":21,"column":20}},"7":{"start":{"line":23,"column":8},"end":{"line":23,"column":20}},"8":{"start":{"line":28,"column":16},"end":{"line":28,"column":45}},"9":{"start":{"line":29,"column":21},"end":{"line":29,"column":55}},"10":{"start":{"line":30,"column":3},"end":{"line":32,"column":4}},"11":{"start":{"line":31,"column":4},"end":{"line":31,"column":16}},"12":{"start":{"line":33,"column":3},"end":{"line":33,"column":21}},"13":{"start":{"line":53,"column":0},"end":{"line":53,"column":43}},"14":{"start":{"line":57,"column":33},"end":{"line":62,"column":1}}},"fnMap":{"0":{"name":"genPasswordCryptoBase","decl":{"start":{"line":6,"column":9},"end":{"line":6,"column":30}},"loc":{"start":{"line":6,"column":40},"end":{"line":14,"column":1}},"line":6},"1":{"name":"checkCryptoPassword","decl":{"start":{"line":16,"column":9},"end":{"line":16,"column":28}},"loc":{"start":{"line":16,"column":69},"end":{"line":25,"column":1}},"line":16},"2":{"name":"generateHashPassword","decl":{"start":{"line":27,"column":15},"end":{"line":27,"column":35}},"loc":{"start":{"line":27,"column":57},"end":{"line":49,"column":1}},"line":27},"3":{"name":"checkPassword","decl":{"start":{"line":52,"column":16},"end":{"line":52,"column":29}},"loc":{"start":{"line":52,"column":44},"end":{"line":54,"column":1}},"line":52}},"branchMap":{"0":{"loc":{"start":{"line":20,"column":6},"end":{"line":24,"column":7}},"type":"if","locations":[{"start":{"line":20,"column":6},"end":{"line":24,"column":7}},{"start":{"line":22,"column":11},"end":{"line":24,"column":7}}],"line":20},"1":{"loc":{"start":{"line":27,"column":46},"end":{"line":27,"column":56}},"type":"default-arg","locations":[{"start":{"line":27,"column":54},"end":{"line":27,"column":56}}],"line":27},"2":{"loc":{"start":{"line":30,"column":3},"end":{"line":32,"column":4}},"type":"if","locations":[{"start":{"line":30,"column":3},"end":{"line":32,"column":4}},{"start":{},"end":{}}],"line":30}},"s":{"0":0,"1":0,"2":0,"3":0,"4":0,"5":0,"6":0,"7":0,"8":0,"9":0,"10":0,"11":0,"12":0,"13":0,"14":1},"f":{"0":0,"1":0,"2":0,"3":0},"b":{"0":[0,0],"1":[0],"2":[0,0]},"_coverageSchema":"1a1c01bbd47fc00a2c39e90264f33305004495a9","hash":"acc26c062c6cd061f7a380d4697e14ecbcf914d3"}
,"C:\\Users\\BONJOUREX\\Desktop\\Code-project\\node_project\\backend\\lib\\randomString.js": {"path":"C:\\Users\\BONJOUREX\\Desktop\\Code-project\\node_project\\backend\\lib\\randomString.js","statementMap":{"0":{"start":{"line":1,"column":26},"end":{"line":16,"column":2}},"1":{"start":{"line":6,"column":4},"end":{"line":6,"column":77}},"2":{"start":{"line":7,"column":28},"end":{"line":7,"column":30}},"3":{"start":{"line":8,"column":21},"end":{"line":8,"column":30}},"4":{"start":{"line":9,"column":27},"end":{"line":9,"column":157}},"5":{"start":{"line":10,"column":28},"end":{"line":10,"column":45}},"6":{"start":{"line":11,"column":5},"end":{"line":14,"column":5}},"7":{"start":{"line":11,"column":19},"end":{"line":11,"column":20}},"8":{"start":{"line":12,"column":7},"end":{"line":12,"column":81}},"9":{"start":{"line":15,"column":4},"end":{"line":15,"column":18}}},"fnMap":{"0":{"name":"(anonymous_0)","decl":{"start":{"line":1,"column":26},"end":{"line":1,"column":27}},"loc":{"start":{"line":1,"column":102},"end":{"line":16,"column":2}},"line":1}},"branchMap":{"0":{"loc":{"start":{"line":1,"column":34},"end":{"line":1,"column":60}},"type":"default-arg","locations":[{"start":{"line":1,"column":55},"end":{"line":1,"column":60}}],"line":1},"1":{"loc":{"start":{"line":1,"column":61},"end":{"line":1,"column":80}},"type":"default-arg","locations":[{"start":{"line":1,"column":75},"end":{"line":1,"column":80}}],"line":1},"2":{"loc":{"start":{"line":1,"column":81},"end":{"line":1,"column":98}},"type":"default-arg","locations":[{"start":{"line":1,"column":93},"end":{"line":1,"column":98}}],"line":1},"3":{"loc":{"start":{"line":6,"column":14},"end":{"line":6,"column":76}},"type":"cond-expr","locations":[{"start":{"line":6,"column":29},"end":{"line":6,"column":68}},{"start":{"line":6,"column":70},"end":{"line":6,"column":76}}],"line":6},"4":{"loc":{"start":{"line":9,"column":27},"end":{"line":9,"column":157}},"type":"cond-expr","locations":[{"start":{"line":9,"column":41},"end":{"line":9,"column":53}},{"start":{"line":9,"column":57},"end":{"line":9,"column":156}}],"line":9},"5":{"loc":{"start":{"line":9,"column":122},"end":{"line":9,"column":154}},"type":"cond-expr","locations":[{"start":{"line":9,"column":143},"end":{"line":9,"column":151}},{"start":{"line":9,"column":152},"end":{"line":9,"column":154}}],"line":9}},"s":{"0":1,"1":0,"2":0,"3":0,"4":0,"5":0,"6":0,"7":0,"8":0,"9":0},"f":{"0":0},"b":{"0":[0],"1":[0],"2":[0],"3":[0,0],"4":[0,0],"5":[0,0]},"_coverageSchema":"1a1c01bbd47fc00a2c39e90264f33305004495a9","hash":"74cd851372d285b1cb8b0ed26aaa7ead740c7869"}
,"C:\\Users\\BONJOUREX\\Desktop\\Code-project\\node_project\\backend\\middleware\\auth\\authChecker.js": {"path":"C:\\Users\\BONJOUREX\\Desktop\\Code-project\\node_project\\backend\\middleware\\auth\\authChecker.js","statementMap":{"0":{"start":{"line":3,"column":64},"end":{"line":3,"column":67}},"1":{"start":{"line":5,"column":0},"end":{"line":5,"column":15}},"2":{"start":{"line":6,"column":11},"end":{"line":8,"column":1}},"3":{"start":{"line":11,"column":2},"end":{"line":11,"column":46}},"4":{"start":{"line":12,"column":2},"end":{"line":12,"column":33}},"5":{"start":{"line":13,"column":2},"end":{"line":13,"column":32}},"6":{"start":{"line":14,"column":2},"end":{"line":14,"column":29}},"7":{"start":{"line":17,"column":43},"end":{"line":48,"column":1}},"8":{"start":{"line":18,"column":2},"end":{"line":46,"column":1}},"9":{"start":{"line":19,"column":32},"end":{"line":32,"column":3}},"10":{"start":{"line":20,"column":20},"end":{"line":20,"column":46}},"11":{"start":{"line":21,"column":21},"end":{"line":21,"column":47}},"12":{"start":{"line":22,"column":8},"end":{"line":29,"column":8}},"13":{"start":{"line":24,"column":12},"end":{"line":24,"column":36}},"14":{"start":{"line":27,"column":11},"end":{"line":27,"column":45}},"15":{"start":{"line":35,"column":5},"end":{"line":38,"column":7}},"16":{"start":{"line":37,"column":6},"end":{"line":37,"column":23}},"17":{"start":{"line":40,"column":4},"end":{"line":42,"column":7}},"18":{"start":{"line":41,"column":6},"end":{"line":41,"column":23}},"19":{"start":{"line":45,"column":4},"end":{"line":45,"column":53}}},"fnMap":{"0":{"name":"(anonymous_0)","decl":{"start":{"line":17,"column":43},"end":{"line":17,"column":44}},"loc":{"start":{"line":17,"column":47},"end":{"line":48,"column":1}},"line":17},"1":{"name":"(anonymous_1)","decl":{"start":{"line":18,"column":9},"end":{"line":18,"column":10}},"loc":{"start":{"line":18,"column":41},"end":{"line":46,"column":1}},"line":18},"2":{"name":"(anonymous_2)","decl":{"start":{"line":19,"column":32},"end":{"line":19,"column":33}},"loc":{"start":{"line":19,"column":58},"end":{"line":32,"column":3}},"line":19},"3":{"name":"(anonymous_3)","decl":{"start":{"line":35,"column":28},"end":{"line":35,"column":29}},"loc":{"start":{"line":35,"column":49},"end":{"line":38,"column":5}},"line":35},"4":{"name":"(anonymous_4)","decl":{"start":{"line":40,"column":29},"end":{"line":40,"column":30}},"loc":{"start":{"line":40,"column":50},"end":{"line":42,"column":5}},"line":40}},"branchMap":{"0":{"loc":{"start":{"line":18,"column":16},"end":{"line":18,"column":25}},"type":"default-arg","locations":[{"start":{"line":18,"column":20},"end":{"line":18,"column":25}}],"line":18},"1":{"loc":{"start":{"line":18,"column":27},"end":{"line":18,"column":37}},"type":"default-arg","locations":[{"start":{"line":18,"column":33},"end":{"line":18,"column":37}}],"line":18},"2":{"loc":{"start":{"line":22,"column":8},"end":{"line":29,"column":8}},"type":"if","locations":[{"start":{"line":22,"column":8},"end":{"line":29,"column":8}},{"start":{"line":25,"column":14},"end":{"line":29,"column":8}}],"line":22}},"s":{"0":1,"1":1,"2":1,"3":1,"4":1,"5":1,"6":1,"7":1,"8":1,"9":1,"10":0,"11":0,"12":0,"13":0,"14":0,"15":1,"16":0,"17":1,"18":0,"19":1},"f":{"0":1,"1":1,"2":0,"3":0,"4":0},"b":{"0":[1],"1":[1],"2":[0,0]},"_coverageSchema":"1a1c01bbd47fc00a2c39e90264f33305004495a9","hash":"d203df3590feee479ac6c039fb1c8a2d763fcb81"}
,"C:\\Users\\BONJOUREX\\Desktop\\Code-project\\node_project\\backend\\middleware\\auth\\authSign.js": {"path":"C:\\Users\\BONJOUREX\\Desktop\\Code-project\\node_project\\backend\\middleware\\auth\\authSign.js","statementMap":{"0":{"start":{"line":3,"column":27},"end":{"line":32,"column":1}},"1":{"start":{"line":8,"column":14},"end":{"line":11,"column":3}},"2":{"start":{"line":13,"column":21},"end":{"line":13,"column":88}},"3":{"start":{"line":16,"column":16},"end":{"line":19,"column":3}},"4":{"start":{"line":20,"column":24},"end":{"line":20,"column":90}},"5":{"start":{"line":22,"column":17},"end":{"line":22,"column":122}},"6":{"start":{"line":27,"column":2},"end":{"line":27,"column":61}},"7":{"start":{"line":28,"column":2},"end":{"line":28,"column":29}},"8":{"start":{"line":30,"column":2},"end":{"line":30,"column":35}},"9":{"start":{"line":34,"column":23},"end":{"line":44,"column":1}},"10":{"start":{"line":35,"column":16},"end":{"line":38,"column":3}},"11":{"start":{"line":39,"column":21},"end":{"line":39,"column":88}},"12":{"start":{"line":40,"column":0},"end":{"line":40,"column":52}},"13":{"start":{"line":41,"column":0},"end":{"line":41,"column":51}}},"fnMap":{"0":{"name":"(anonymous_0)","decl":{"start":{"line":3,"column":27},"end":{"line":3,"column":28}},"loc":{"start":{"line":3,"column":59},"end":{"line":32,"column":1}},"line":3},"1":{"name":"(anonymous_1)","decl":{"start":{"line":34,"column":23},"end":{"line":34,"column":24}},"loc":{"start":{"line":34,"column":55},"end":{"line":44,"column":1}},"line":34}},"branchMap":{"0":{"loc":{"start":{"line":3,"column":44},"end":{"line":3,"column":56}},"type":"default-arg","locations":[{"start":{"line":3,"column":52},"end":{"line":3,"column":56}}],"line":3},"1":{"loc":{"start":{"line":13,"column":39},"end":{"line":13,"column":79}},"type":"cond-expr","locations":[{"start":{"line":13,"column":47},"end":{"line":13,"column":54}},{"start":{"line":13,"column":55},"end":{"line":13,"column":79}}],"line":13},"2":{"loc":{"start":{"line":17,"column":15},"end":{"line":17,"column":43}},"type":"cond-expr","locations":[{"start":{"line":17,"column":34},"end":{"line":17,"column":38}},{"start":{"line":17,"column":39},"end":{"line":17,"column":43}}],"line":17},"3":{"loc":{"start":{"line":20,"column":41},"end":{"line":20,"column":82}},"type":"cond-expr","locations":[{"start":{"line":20,"column":49},"end":{"line":20,"column":56}},{"start":{"line":20,"column":57},"end":{"line":20,"column":82}}],"line":20},"4":{"loc":{"start":{"line":22,"column":17},"end":{"line":22,"column":122}},"type":"cond-expr","locations":[{"start":{"line":22,"column":87},"end":{"line":22,"column":103}},{"start":{"line":22,"column":106},"end":{"line":22,"column":122}}],"line":22},"5":{"loc":{"start":{"line":22,"column":17},"end":{"line":22,"column":85}},"type":"binary-expr","locations":[{"start":{"line":22,"column":17},"end":{"line":22,"column":52}},{"start":{"line":22,"column":57},"end":{"line":22,"column":85}}],"line":22},"6":{"loc":{"start":{"line":34,"column":40},"end":{"line":34,"column":52}},"type":"default-arg","locations":[{"start":{"line":34,"column":48},"end":{"line":34,"column":52}}],"line":34},"7":{"loc":{"start":{"line":39,"column":39},"end":{"line":39,"column":79}},"type":"cond-expr","locations":[{"start":{"line":39,"column":47},"end":{"line":39,"column":54}},{"start":{"line":39,"column":55},"end":{"line":39,"column":79}}],"line":39}},"s":{"0":1,"1":0,"2":0,"3":0,"4":0,"5":0,"6":0,"7":0,"8":0,"9":1,"10":0,"11":0,"12":0,"13":0},"f":{"0":0,"1":0},"b":{"0":[0],"1":[0,0],"2":[0,0],"3":[0,0],"4":[0,0],"5":[0,0],"6":[0],"7":[0,0]},"_coverageSchema":"1a1c01bbd47fc00a2c39e90264f33305004495a9","hash":"a2707ff5e7e2e0691a21e3728817bb750b1e940a"}
,"C:\\Users\\BONJOUREX\\Desktop\\Code-project\\node_project\\backend\\middleware\\auth\\logoutOut.js": {"path":"C:\\Users\\BONJOUREX\\Desktop\\Code-project\\node_project\\backend\\middleware\\auth\\logoutOut.js","statementMap":{"0":{"start":{"line":3,"column":24},"end":{"line":27,"column":3}},"1":{"start":{"line":4,"column":4},"end":{"line":25,"column":9}},"2":{"start":{"line":6,"column":8},"end":{"line":6,"column":75}},"3":{"start":{"line":6,"column":19},"end":{"line":6,"column":74}},"4":{"start":{"line":9,"column":8},"end":{"line":9,"column":51}},"5":{"start":{"line":12,"column":8},"end":{"line":14,"column":9}},"6":{"start":{"line":13,"column":9},"end":{"line":13,"column":42}},"7":{"start":{"line":15,"column":8},"end":{"line":17,"column":9}},"8":{"start":{"line":16,"column":9},"end":{"line":16,"column":42}},"9":{"start":{"line":19,"column":8},"end":{"line":21,"column":9}},"10":{"start":{"line":20,"column":11},"end":{"line":20,"column":35}},"11":{"start":{"line":23,"column":8},"end":{"line":23,"column":40}}},"fnMap":{"0":{"name":"(anonymous_0)","decl":{"start":{"line":3,"column":24},"end":{"line":3,"column":25}},"loc":{"start":{"line":3,"column":38},"end":{"line":27,"column":3}},"line":3},"1":{"name":"(anonymous_1)","decl":{"start":{"line":4,"column":15},"end":{"line":4,"column":16}},"loc":{"start":{"line":4,"column":29},"end":{"line":25,"column":7}},"line":4}},"branchMap":{"0":{"loc":{"start":{"line":6,"column":8},"end":{"line":6,"column":75}},"type":"if","locations":[{"start":{"line":6,"column":8},"end":{"line":6,"column":75}},{"start":{},"end":{}}],"line":6},"1":{"loc":{"start":{"line":12,"column":8},"end":{"line":14,"column":9}},"type":"if","locations":[{"start":{"line":12,"column":8},"end":{"line":14,"column":9}},{"start":{},"end":{}}],"line":12},"2":{"loc":{"start":{"line":15,"column":8},"end":{"line":17,"column":9}},"type":"if","locations":[{"start":{"line":15,"column":8},"end":{"line":17,"column":9}},{"start":{},"end":{}}],"line":15},"3":{"loc":{"start":{"line":19,"column":8},"end":{"line":21,"column":9}},"type":"if","locations":[{"start":{"line":19,"column":8},"end":{"line":21,"column":9}},{"start":{},"end":{}}],"line":19}},"s":{"0":1,"1":0,"2":0,"3":0,"4":0,"5":0,"6":0,"7":0,"8":0,"9":0,"10":0,"11":0},"f":{"0":0,"1":0},"b":{"0":[0,0],"1":[0,0],"2":[0,0],"3":[0,0]},"_coverageSchema":"1a1c01bbd47fc00a2c39e90264f33305004495a9","hash":"3f71aa413fe3e1a5ac5d7029ae4f8f0d4c370d4a"}
,"C:\\Users\\BONJOUREX\\Desktop\\Code-project\\node_project\\backend\\middleware\\auth\\regenerate.js": {"path":"C:\\Users\\BONJOUREX\\Desktop\\Code-project\\node_project\\backend\\middleware\\auth\\regenerate.js","statementMap":{"0":{"start":{"line":10,"column":26},"end":{"line":56,"column":1}},"1":{"start":{"line":12,"column":18},"end":{"line":12,"column":73}},"2":{"start":{"line":14,"column":0},"end":{"line":14,"column":41}},"3":{"start":{"line":14,"column":15},"end":{"line":14,"column":41}},"4":{"start":{"line":15,"column":12},"end":{"line":15,"column":35}},"5":{"start":{"line":17,"column":21},"end":{"line":17,"column":38}},"6":{"start":{"line":20,"column":0},"end":{"line":54,"column":1}},"7":{"start":{"line":21,"column":22},"end":{"line":21,"column":51}},"8":{"start":{"line":24,"column":2},"end":{"line":51,"column":3}},"9":{"start":{"line":26,"column":27},"end":{"line":26,"column":43}},"10":{"start":{"line":28,"column":26},"end":{"line":28,"column":54}},"11":{"start":{"line":30,"column":4},"end":{"line":33,"column":5}},"12":{"start":{"line":31,"column":7},"end":{"line":31,"column":21}},"13":{"start":{"line":34,"column":20},"end":{"line":34,"column":51}},"14":{"start":{"line":36,"column":4},"end":{"line":43,"column":5}},"15":{"start":{"line":37,"column":7},"end":{"line":37,"column":110}},"16":{"start":{"line":37,"column":66},"end":{"line":37,"column":110}},"17":{"start":{"line":38,"column":4},"end":{"line":42,"column":5}},"18":{"start":{"line":41,"column":8},"end":{"line":41,"column":44}},"19":{"start":{"line":55,"column":0},"end":{"line":55,"column":6}}},"fnMap":{"0":{"name":"(anonymous_0)","decl":{"start":{"line":10,"column":26},"end":{"line":10,"column":27}},"loc":{"start":{"line":10,"column":42},"end":{"line":56,"column":1}},"line":10}},"branchMap":{"0":{"loc":{"start":{"line":12,"column":18},"end":{"line":12,"column":73}},"type":"binary-expr","locations":[{"start":{"line":12,"column":18},"end":{"line":12,"column":43}},{"start":{"line":12,"column":48},"end":{"line":12,"column":73}}],"line":12},"1":{"loc":{"start":{"line":14,"column":0},"end":{"line":14,"column":41}},"type":"if","locations":[{"start":{"line":14,"column":0},"end":{"line":14,"column":41}},{"start":{},"end":{}}],"line":14},"2":{"loc":{"start":{"line":20,"column":0},"end":{"line":54,"column":1}},"type":"if","locations":[{"start":{"line":20,"column":0},"end":{"line":54,"column":1}},{"start":{"line":52,"column":7},"end":{"line":54,"column":1}}],"line":20},"3":{"loc":{"start":{"line":24,"column":2},"end":{"line":51,"column":3}},"type":"if","locations":[{"start":{"line":24,"column":2},"end":{"line":51,"column":3}},{"start":{"line":49,"column":9},"end":{"line":51,"column":3}}],"line":24},"4":{"loc":{"start":{"line":30,"column":4},"end":{"line":33,"column":5}},"type":"if","locations":[{"start":{"line":30,"column":4},"end":{"line":33,"column":5}},{"start":{},"end":{}}],"line":30},"5":{"loc":{"start":{"line":34,"column":20},"end":{"line":34,"column":51}},"type":"binary-expr","locations":[{"start":{"line":34,"column":20},"end":{"line":34,"column":37}},{"start":{"line":34,"column":41},"end":{"line":34,"column":51}}],"line":34},"6":{"loc":{"start":{"line":36,"column":4},"end":{"line":43,"column":5}},"type":"if","locations":[{"start":{"line":36,"column":4},"end":{"line":43,"column":5}},{"start":{},"end":{}}],"line":36},"7":{"loc":{"start":{"line":37,"column":7},"end":{"line":37,"column":110}},"type":"if","locations":[{"start":{"line":37,"column":7},"end":{"line":37,"column":110}},{"start":{},"end":{}}],"line":37},"8":{"loc":{"start":{"line":37,"column":10},"end":{"line":37,"column":64}},"type":"binary-expr","locations":[{"start":{"line":37,"column":10},"end":{"line":37,"column":27}},{"start":{"line":37,"column":31},"end":{"line":37,"column":64}}],"line":37},"9":{"loc":{"start":{"line":38,"column":4},"end":{"line":42,"column":5}},"type":"if","locations":[{"start":{"line":38,"column":4},"end":{"line":42,"column":5}},{"start":{},"end":{}}],"line":38},"10":{"loc":{"start":{"line":38,"column":7},"end":{"line":38,"column":62}},"type":"binary-expr","locations":[{"start":{"line":38,"column":7},"end":{"line":38,"column":24}},{"start":{"line":38,"column":28},"end":{"line":38,"column":62}}],"line":38}},"s":{"0":1,"1":0,"2":0,"3":0,"4":0,"5":0,"6":0,"7":0,"8":0,"9":0,"10":0,"11":0,"12":0,"13":0,"14":0,"15":0,"16":0,"17":0,"18":0,"19":0},"f":{"0":0},"b":{"0":[0,0],"1":[0,0],"2":[0,0],"3":[0,0],"4":[0,0],"5":[0,0],"6":[0,0],"7":[0,0],"8":[0,0],"9":[0,0],"10":[0,0]},"_coverageSchema":"1a1c01bbd47fc00a2c39e90264f33305004495a9","hash":"c774d747121538ce522369b6b67edb6782c9216c"}
,"C:\\Users\\BONJOUREX\\Desktop\\Code-project\\node_project\\backend\\middleware\\cookie\\checkCookieHasExpired.js": {"path":"C:\\Users\\BONJOUREX\\Desktop\\Code-project\\node_project\\backend\\middleware\\cookie\\checkCookieHasExpired.js","statementMap":{"0":{"start":{"line":2,"column":38},"end":{"line":35,"column":7}},"1":{"start":{"line":5,"column":25},"end":{"line":5,"column":56}},"2":{"start":{"line":6,"column":28},"end":{"line":6,"column":59}},"3":{"start":{"line":9,"column":8},"end":{"line":34,"column":9}},"4":{"start":{"line":11,"column":31},"end":{"line":11,"column":54}},"5":{"start":{"line":14,"column":30},"end":{"line":14,"column":59}},"6":{"start":{"line":15,"column":37},"end":{"line":15,"column":53}},"7":{"start":{"line":16,"column":32},"end":{"line":16,"column":62}},"8":{"start":{"line":19,"column":10},"end":{"line":29,"column":11}},"9":{"start":{"line":23,"column":12},"end":{"line":23,"column":24}},"10":{"start":{"line":27,"column":12},"end":{"line":27,"column":23}},"11":{"start":{"line":33,"column":10},"end":{"line":33,"column":21}}},"fnMap":{"0":{"name":"(anonymous_0)","decl":{"start":{"line":2,"column":38},"end":{"line":2,"column":39}},"loc":{"start":{"line":2,"column":56},"end":{"line":35,"column":7}},"line":2}},"branchMap":{"0":{"loc":{"start":{"line":5,"column":25},"end":{"line":5,"column":56}},"type":"binary-expr","locations":[{"start":{"line":5,"column":25},"end":{"line":5,"column":42}},{"start":{"line":5,"column":46},"end":{"line":5,"column":56}}],"line":5},"1":{"loc":{"start":{"line":9,"column":8},"end":{"line":34,"column":9}},"type":"if","locations":[{"start":{"line":9,"column":8},"end":{"line":34,"column":9}},{"start":{"line":30,"column":15},"end":{"line":34,"column":9}}],"line":9},"2":{"loc":{"start":{"line":19,"column":10},"end":{"line":29,"column":11}},"type":"if","locations":[{"start":{"line":19,"column":10},"end":{"line":29,"column":11}},{"start":{"line":24,"column":17},"end":{"line":29,"column":11}}],"line":19}},"s":{"0":1,"1":0,"2":0,"3":0,"4":0,"5":0,"6":0,"7":0,"8":0,"9":0,"10":0,"11":0},"f":{"0":0},"b":{"0":[0,0],"1":[0,0],"2":[0,0]},"_coverageSchema":"1a1c01bbd47fc00a2c39e90264f33305004495a9","hash":"01d7bff1c04f33f3144a346e81a72563f356771f"}
,"C:\\Users\\BONJOUREX\\Desktop\\Code-project\\node_project\\backend\\middleware\\cookie\\destroyCookie.js": {"path":"C:\\Users\\BONJOUREX\\Desktop\\Code-project\\node_project\\backend\\middleware\\cookie\\destroyCookie.js","statementMap":{"0":{"start":{"line":1,"column":29},"end":{"line":14,"column":1}},"1":{"start":{"line":2,"column":8},"end":{"line":2,"column":76}},"2":{"start":{"line":3,"column":8},"end":{"line":11,"column":17}}},"fnMap":{"0":{"name":"(anonymous_0)","decl":{"start":{"line":1,"column":29},"end":{"line":1,"column":30}},"loc":{"start":{"line":1,"column":42},"end":{"line":14,"column":1}},"line":1}},"branchMap":{},"s":{"0":1,"1":0,"2":0},"f":{"0":0},"b":{},"_coverageSchema":"1a1c01bbd47fc00a2c39e90264f33305004495a9","hash":"f8e9fbbd920a215a1712425d64936081878f7d30"}
,"C:\\Users\\BONJOUREX\\Desktop\\Code-project\\node_project\\backend\\middleware\\cookie\\setCookie.js": {"path":"C:\\Users\\BONJOUREX\\Desktop\\Code-project\\node_project\\backend\\middleware\\cookie\\setCookie.js","statementMap":{"0":{"start":{"line":1,"column":25},"end":{"line":18,"column":1}},"1":{"start":{"line":2,"column":8},"end":{"line":9,"column":17}},"2":{"start":{"line":11,"column":38},"end":{"line":11,"column":65}},"3":{"start":{"line":13,"column":14},"end":{"line":17,"column":15}}},"fnMap":{"0":{"name":"(anonymous_0)","decl":{"start":{"line":1,"column":25},"end":{"line":1,"column":26}},"loc":{"start":{"line":1,"column":54},"end":{"line":18,"column":1}},"line":1}},"branchMap":{"0":{"loc":{"start":{"line":13,"column":14},"end":{"line":17,"column":15}},"type":"if","locations":[{"start":{"line":13,"column":14},"end":{"line":17,"column":15}},{"start":{"line":15,"column":21},"end":{"line":17,"column":15}}],"line":13}},"s":{"0":1,"1":0,"2":0,"3":0},"f":{"0":0},"b":{"0":[0,0]},"_coverageSchema":"1a1c01bbd47fc00a2c39e90264f33305004495a9","hash":"b82a4a3a7f558ac981eaf2c85f3889a2af7f829b"}
,"C:\\Users\\BONJOUREX\\Desktop\\Code-project\\node_project\\backend\\middleware\\session\\session.js": {"path":"C:\\Users\\BONJOUREX\\Desktop\\Code-project\\node_project\\backend\\middleware\\session\\session.js","statementMap":{"0":{"start":{"line":3,"column":28},"end":{"line":3,"column":49}},"1":{"start":{"line":4,"column":35},"end":{"line":15,"column":1}},"2":{"start":{"line":5,"column":4},"end":{"line":13,"column":8}}},"fnMap":{"0":{"name":"(anonymous_0)","decl":{"start":{"line":4,"column":35},"end":{"line":4,"column":36}},"loc":{"start":{"line":4,"column":39},"end":{"line":15,"column":1}},"line":4}},"branchMap":{},"s":{"0":1,"1":1,"2":0},"f":{"0":0},"b":{},"_coverageSchema":"1a1c01bbd47fc00a2c39e90264f33305004495a9","hash":"efc2a93c1be0ad0bb230afef6ee1a33fa14e4409"}
,"C:\\Users\\BONJOUREX\\Desktop\\Code-project\\node_project\\backend\\model\\AllStat.js": {"path":"C:\\Users\\BONJOUREX\\Desktop\\Code-project\\node_project\\backend\\model\\AllStat.js","statementMap":{"0":{"start":{"line":4,"column":18},"end":{"line":27,"column":1}},"1":{"start":{"line":29,"column":22},"end":{"line":32,"column":1}},"2":{"start":{"line":33,"column":16},"end":{"line":33,"column":56}}},"fnMap":{},"branchMap":{},"s":{"0":1,"1":1,"2":1},"f":{},"b":{},"_coverageSchema":"1a1c01bbd47fc00a2c39e90264f33305004495a9","hash":"eb3ffcfda05f2a8ae5d476649712d870578fb100"}
,"C:\\Users\\BONJOUREX\\Desktop\\Code-project\\node_project\\backend\\model\\PasswordResetRequests.js": {"path":"C:\\Users\\BONJOUREX\\Desktop\\Code-project\\node_project\\backend\\model\\PasswordResetRequests.js","statementMap":{"0":{"start":{"line":3,"column":27},"end":{"line":15,"column":1}},"1":{"start":{"line":16,"column":30},"end":{"line":16,"column":83}}},"fnMap":{},"branchMap":{},"s":{"0":1,"1":1},"f":{},"b":{},"_coverageSchema":"1a1c01bbd47fc00a2c39e90264f33305004495a9","hash":"4163b58a0d3551b74f8e8b5e39a3b588d0335052"}
,"C:\\Users\\BONJOUREX\\Desktop\\Code-project\\node_project\\backend\\model\\Product.js": {"path":"C:\\Users\\BONJOUREX\\Desktop\\Code-project\\node_project\\backend\\model\\Product.js","statementMap":{"0":{"start":{"line":3,"column":21},"end":{"line":23,"column":1}},"1":{"start":{"line":24,"column":24},"end":{"line":24,"column":65}}},"fnMap":{},"branchMap":{},"s":{"0":1,"1":1},"f":{},"b":{},"_coverageSchema":"1a1c01bbd47fc00a2c39e90264f33305004495a9","hash":"47e401aa68d1979efedb820277ec2c3131c64e72"}
,"C:\\Users\\BONJOUREX\\Desktop\\Code-project\\node_project\\backend\\model\\ProductStat.js": {"path":"C:\\Users\\BONJOUREX\\Desktop\\Code-project\\node_project\\backend\\model\\ProductStat.js","statementMap":{"0":{"start":{"line":3,"column":26},"end":{"line":23,"column":1}},"1":{"start":{"line":24,"column":20},"end":{"line":24,"column":68}}},"fnMap":{},"branchMap":{},"s":{"0":1,"1":1},"f":{},"b":{},"_coverageSchema":"1a1c01bbd47fc00a2c39e90264f33305004495a9","hash":"83a5b7e193ad698581a04d071ac4fc34a283d2a6"}
,"C:\\Users\\BONJOUREX\\Desktop\\Code-project\\node_project\\backend\\model\\Student.js": {"path":"C:\\Users\\BONJOUREX\\Desktop\\Code-project\\node_project\\backend\\model\\Student.js","statementMap":{"0":{"start":{"line":19,"column":27},"end":{"line":112,"column":1}},"1":{"start":{"line":122,"column":25},"end":{"line":122,"column":58}},"2":{"start":{"line":125,"column":12},"end":{"line":148,"column":1}},"3":{"start":{"line":126,"column":9},"end":{"line":126,"column":66}},"4":{"start":{"line":127,"column":9},"end":{"line":127,"column":66}},"5":{"start":{"line":128,"column":9},"end":{"line":128,"column":65}},"6":{"start":{"line":129,"column":0},"end":{"line":129,"column":28}},"7":{"start":{"line":130,"column":9},"end":{"line":130,"column":69}},"8":{"start":{"line":133,"column":0},"end":{"line":136,"column":1}},"9":{"start":{"line":133,"column":15},"end":{"line":133,"column":29}},"10":{"start":{"line":134,"column":4},"end":{"line":134,"column":20}},"11":{"start":{"line":135,"column":4},"end":{"line":135,"column":35}},"12":{"start":{"line":153,"column":4},"end":{"line":168,"column":5}},"13":{"start":{"line":154,"column":30},"end":{"line":161,"column":8}},"14":{"start":{"line":163,"column":6},"end":{"line":163,"column":35}},"15":{"start":{"line":165,"column":6},"end":{"line":165,"column":50}},"16":{"start":{"line":167,"column":6},"end":{"line":167,"column":28}},"17":{"start":{"line":173,"column":13},"end":{"line":194,"column":3}},"18":{"start":{"line":175,"column":22},"end":{"line":181,"column":7}},"19":{"start":{"line":183,"column":16},"end":{"line":189,"column":10}},"20":{"start":{"line":184,"column":9},"end":{"line":184,"column":33}},"21":{"start":{"line":185,"column":18},"end":{"line":185,"column":48}},"22":{"start":{"line":186,"column":8},"end":{"line":186,"column":24}},"23":{"start":{"line":187,"column":7},"end":{"line":187,"column":36}},"24":{"start":{"line":188,"column":10},"end":{"line":188,"column":24}},"25":{"start":{"line":191,"column":4},"end":{"line":191,"column":14}},"26":{"start":{"line":200,"column":20},"end":{"line":232,"column":3}},"27":{"start":{"line":201,"column":4},"end":{"line":230,"column":9}}},"fnMap":{"0":{"name":"(anonymous_0)","decl":{"start":{"line":125,"column":12},"end":{"line":125,"column":13}},"loc":{"start":{"line":125,"column":22},"end":{"line":148,"column":1}},"line":125},"1":{"name":"runAggregation","decl":{"start":{"line":152,"column":15},"end":{"line":152,"column":29}},"loc":{"start":{"line":152,"column":32},"end":{"line":169,"column":3}},"line":152},"2":{"name":"(anonymous_2)","decl":{"start":{"line":173,"column":13},"end":{"line":173,"column":14}},"loc":{"start":{"line":173,"column":17},"end":{"line":194,"column":3}},"line":173},"3":{"name":"(anonymous_3)","decl":{"start":{"line":183,"column":34},"end":{"line":183,"column":35}},"loc":{"start":{"line":183,"column":52},"end":{"line":189,"column":5}},"line":183},"4":{"name":"(anonymous_4)","decl":{"start":{"line":200,"column":20},"end":{"line":200,"column":21}},"loc":{"start":{"line":200,"column":24},"end":{"line":232,"column":3}},"line":200}},"branchMap":{"0":{"loc":{"start":{"line":184,"column":20},"end":{"line":184,"column":33}},"type":"binary-expr","locations":[{"start":{"line":184,"column":20},"end":{"line":184,"column":27}},{"start":{"line":184,"column":31},"end":{"line":184,"column":33}}],"line":184},"1":{"loc":{"start":{"line":185,"column":18},"end":{"line":185,"column":48}},"type":"binary-expr","locations":[{"start":{"line":185,"column":18},"end":{"line":185,"column":40}},{"start":{"line":185,"column":46},"end":{"line":185,"column":48}}],"line":185}},"s":{"0":1,"1":1,"2":1,"3":0,"4":0,"5":0,"6":0,"7":0,"8":0,"9":0,"10":0,"11":0,"12":0,"13":0,"14":0,"15":0,"16":0,"17":1,"18":0,"19":0,"20":0,"21":0,"22":0,"23":0,"24":0,"25":0,"26":1,"27":0},"f":{"0":0,"1":0,"2":0,"3":0,"4":0},"b":{"0":[0,0],"1":[0,0]},"_coverageSchema":"1a1c01bbd47fc00a2c39e90264f33305004495a9","hash":"a94f76dcfc1e046c103b0b43055d78bc5c0251a0"}
,"C:\\Users\\BONJOUREX\\Desktop\\Code-project\\node_project\\backend\\model\\Transaction.js": {"path":"C:\\Users\\BONJOUREX\\Desktop\\Code-project\\node_project\\backend\\model\\Transaction.js","statementMap":{"0":{"start":{"line":3,"column":24},"end":{"line":20,"column":1}},"1":{"start":{"line":21,"column":28},"end":{"line":21,"column":76}}},"fnMap":{},"branchMap":{},"s":{"0":1,"1":1},"f":{},"b":{},"_coverageSchema":"1a1c01bbd47fc00a2c39e90264f33305004495a9","hash":"6bdb47fec2c2cba25e17bb701d50d49e13abbdc5"}
,"C:\\Users\\BONJOUREX\\Desktop\\Code-project\\node_project\\backend\\model\\Users.js": {"path":"C:\\Users\\BONJOUREX\\Desktop\\Code-project\\node_project\\backend\\model\\Users.js","statementMap":{"0":{"start":{"line":3,"column":18},"end":{"line":32,"column":1}},"1":{"start":{"line":33,"column":22},"end":{"line":33,"column":63}}},"fnMap":{},"branchMap":{},"s":{"0":1,"1":1},"f":{},"b":{},"_coverageSchema":"1a1c01bbd47fc00a2c39e90264f33305004495a9","hash":"bdccc1a8a180d8731eb32ba99b5a7a0168ab3e2c"}
,"C:\\Users\\BONJOUREX\\Desktop\\Code-project\\node_project\\backend\\route\\client.js": {"path":"C:\\Users\\BONJOUREX\\Desktop\\Code-project\\node_project\\backend\\route\\client.js","statementMap":{"0":{"start":{"line":17,"column":20},"end":{"line":17,"column":36}},"1":{"start":{"line":22,"column":14},"end":{"line":22,"column":110}},"2":{"start":{"line":23,"column":1},"end":{"line":32,"column":3}},"3":{"start":{"line":24,"column":13},"end":{"line":24,"column":27}},"4":{"start":{"line":26,"column":2},"end":{"line":30,"column":4}},"5":{"start":{"line":27,"column":5},"end":{"line":27,"column":49}},"6":{"start":{"line":29,"column":3},"end":{"line":29,"column":44}},"7":{"start":{"line":35,"column":0},"end":{"line":37,"column":2}},"8":{"start":{"line":36,"column":4},"end":{"line":36,"column":49}},"9":{"start":{"line":39,"column":0},"end":{"line":39,"column":32}},"10":{"start":{"line":41,"column":0},"end":{"line":41,"column":54}},"11":{"start":{"line":42,"column":0},"end":{"line":42,"column":47}},"12":{"start":{"line":44,"column":0},"end":{"line":44,"column":51}},"13":{"start":{"line":46,"column":0},"end":{"line":46,"column":99}},"14":{"start":{"line":48,"column":0},"end":{"line":48,"column":33}},"15":{"start":{"line":50,"column":0},"end":{"line":50,"column":96}},"16":{"start":{"line":51,"column":0},"end":{"line":51,"column":103}},"17":{"start":{"line":52,"column":0},"end":{"line":52,"column":96}},"18":{"start":{"line":53,"column":0},"end":{"line":53,"column":95}}},"fnMap":{"0":{"name":"(anonymous_0)","decl":{"start":{"line":23,"column":56},"end":{"line":23,"column":57}},"loc":{"start":{"line":23,"column":74},"end":{"line":32,"column":2}},"line":23},"1":{"name":"(anonymous_1)","decl":{"start":{"line":26,"column":33},"end":{"line":26,"column":34}},"loc":{"start":{"line":26,"column":41},"end":{"line":28,"column":3}},"line":26},"2":{"name":"(anonymous_2)","decl":{"start":{"line":28,"column":11},"end":{"line":28,"column":12}},"loc":{"start":{"line":28,"column":20},"end":{"line":30,"column":3}},"line":28},"3":{"name":"(anonymous_3)","decl":{"start":{"line":35,"column":24},"end":{"line":35,"column":25}},"loc":{"start":{"line":35,"column":35},"end":{"line":37,"column":1}},"line":35}},"branchMap":{},"s":{"0":1,"1":1,"2":1,"3":0,"4":0,"5":0,"6":0,"7":1,"8":0,"9":1,"10":1,"11":1,"12":1,"13":1,"14":1,"15":1,"16":1,"17":1,"18":1},"f":{"0":0,"1":0,"2":0,"3":0},"b":{},"_coverageSchema":"1a1c01bbd47fc00a2c39e90264f33305004495a9","hash":"7f23b62d65266bc118be9b235dcfdf213ce454c3"}
,"C:\\Users\\BONJOUREX\\Desktop\\Code-project\\node_project\\backend\\route\\general.js": {"path":"C:\\Users\\BONJOUREX\\Desktop\\Code-project\\node_project\\backend\\route\\general.js","statementMap":{"0":{"start":{"line":2,"column":21},"end":{"line":2,"column":37}},"1":{"start":{"line":4,"column":0},"end":{"line":4,"column":37}}},"fnMap":{},"branchMap":{},"s":{"0":1,"1":1},"f":{},"b":{},"_coverageSchema":"1a1c01bbd47fc00a2c39e90264f33305004495a9","hash":"9e6d135b86744f3688aeb6dc075e77d5e2363926"}
,"C:\\Users\\BONJOUREX\\Desktop\\Code-project\\node_project\\backend\\route\\management.js": {"path":"C:\\Users\\BONJOUREX\\Desktop\\Code-project\\node_project\\backend\\route\\management.js","statementMap":{"0":{"start":{"line":2,"column":24},"end":{"line":2,"column":40}}},"fnMap":{},"branchMap":{},"s":{"0":1},"f":{},"b":{},"_coverageSchema":"1a1c01bbd47fc00a2c39e90264f33305004495a9","hash":"a7ecd40b30b3765d43dac047210fbcc97b68486a"}
,"C:\\Users\\BONJOUREX\\Desktop\\Code-project\\node_project\\backend\\route\\sales.js": {"path":"C:\\Users\\BONJOUREX\\Desktop\\Code-project\\node_project\\backend\\route\\sales.js","statementMap":{"0":{"start":{"line":2,"column":18},"end":{"line":2,"column":34}}},"fnMap":{},"branchMap":{},"s":{"0":1},"f":{},"b":{},"_coverageSchema":"1a1c01bbd47fc00a2c39e90264f33305004495a9","hash":"3f661faa76c598124991fbf1b4bc31bc588f1314"}
,"C:\\Users\\BONJOUREX\\Desktop\\Code-project\\node_project\\backend\\uploader\\FileUploder.js": {"path":"C:\\Users\\BONJOUREX\\Desktop\\Code-project\\node_project\\backend\\uploader\\FileUploder.js","statementMap":{"0":{"start":{"line":12,"column":19},"end":{"line":12,"column":38}},"1":{"start":{"line":16,"column":4},"end":{"line":16,"column":25}},"2":{"start":{"line":17,"column":4},"end":{"line":17,"column":22}},"3":{"start":{"line":18,"column":4},"end":{"line":18,"column":22}},"4":{"start":{"line":19,"column":4},"end":{"line":19,"column":24}},"5":{"start":{"line":20,"column":4},"end":{"line":20,"column":31}},"6":{"start":{"line":21,"column":4},"end":{"line":21,"column":45}},"7":{"start":{"line":26,"column":18},"end":{"line":26,"column":27}},"8":{"start":{"line":27,"column":18},"end":{"line":27,"column":28}},"9":{"start":{"line":28,"column":20},"end":{"line":28,"column":31}},"10":{"start":{"line":29,"column":20},"end":{"line":29,"column":22}},"11":{"start":{"line":30,"column":19},"end":{"line":30,"column":21}},"12":{"start":{"line":31,"column":35},"end":{"line":31,"column":49}},"13":{"start":{"line":34,"column":5},"end":{"line":76,"column":5}},"14":{"start":{"line":37,"column":6},"end":{"line":70,"column":8}},"15":{"start":{"line":39,"column":29},"end":{"line":39,"column":49}},"16":{"start":{"line":41,"column":10},"end":{"line":46,"column":11}},"17":{"start":{"line":42,"column":14},"end":{"line":42,"column":93}},"18":{"start":{"line":43,"column":14},"end":{"line":45,"column":15}},"19":{"start":{"line":44,"column":18},"end":{"line":44,"column":39}},"20":{"start":{"line":48,"column":10},"end":{"line":53,"column":11}},"21":{"start":{"line":49,"column":14},"end":{"line":49,"column":107}},"22":{"start":{"line":50,"column":14},"end":{"line":52,"column":15}},"23":{"start":{"line":51,"column":18},"end":{"line":51,"column":39}},"24":{"start":{"line":55,"column":10},"end":{"line":60,"column":11}},"25":{"start":{"line":56,"column":14},"end":{"line":56,"column":76}},"26":{"start":{"line":57,"column":14},"end":{"line":59,"column":15}},"27":{"start":{"line":58,"column":18},"end":{"line":58,"column":39}},"28":{"start":{"line":63,"column":7},"end":{"line":67,"column":8}},"29":{"start":{"line":64,"column":10},"end":{"line":66,"column":11}},"30":{"start":{"line":65,"column":14},"end":{"line":65,"column":147}},"31":{"start":{"line":72,"column":6},"end":{"line":72,"column":35}},"32":{"start":{"line":75,"column":6},"end":{"line":75,"column":31}},"33":{"start":{"line":83,"column":4},"end":{"line":83,"column":31}},"34":{"start":{"line":84,"column":4},"end":{"line":203,"column":1}},"35":{"start":{"line":88,"column":19},"end":{"line":88,"column":114}},"36":{"start":{"line":89,"column":21},"end":{"line":89,"column":118}},"37":{"start":{"line":90,"column":23},"end":{"line":90,"column":52}},"38":{"start":{"line":92,"column":2},"end":{"line":197,"column":4}},"39":{"start":{"line":93,"column":21},"end":{"line":93,"column":23}},"40":{"start":{"line":94,"column":23},"end":{"line":94,"column":52}},"41":{"start":{"line":95,"column":36},"end":{"line":95,"column":65}},"42":{"start":{"line":98,"column":6},"end":{"line":105,"column":7}},"43":{"start":{"line":99,"column":8},"end":{"line":104,"column":12}},"44":{"start":{"line":107,"column":6},"end":{"line":194,"column":9}},"45":{"start":{"line":115,"column":18},"end":{"line":117,"column":19}},"46":{"start":{"line":116,"column":20},"end":{"line":116,"column":29}},"47":{"start":{"line":118,"column":31},"end":{"line":118,"column":60}},"48":{"start":{"line":119,"column":22},"end":{"line":119,"column":54}},"49":{"start":{"line":121,"column":18},"end":{"line":128,"column":22}},"50":{"start":{"line":122,"column":22},"end":{"line":126,"column":23}},"51":{"start":{"line":124,"column":25},"end":{"line":124,"column":64}},"52":{"start":{"line":129,"column":18},"end":{"line":129,"column":38}},"53":{"start":{"line":132,"column":9},"end":{"line":132,"column":23}},"54":{"start":{"line":134,"column":10},"end":{"line":134,"column":48}},"55":{"start":{"line":141,"column":18},"end":{"line":188,"column":19}},"56":{"start":{"line":143,"column":39},"end":{"line":143,"column":68}},"57":{"start":{"line":144,"column":38},"end":{"line":144,"column":40}},"58":{"start":{"line":145,"column":24},"end":{"line":145,"column":52}},"59":{"start":{"line":147,"column":39},"end":{"line":147,"column":116}},"60":{"start":{"line":148,"column":38},"end":{"line":148,"column":64}},"61":{"start":{"line":149,"column":21},"end":{"line":149,"column":45}},"62":{"start":{"line":150,"column":46},"end":{"line":150,"column":59}},"63":{"start":{"line":151,"column":38},"end":{"line":151,"column":88}},"64":{"start":{"line":153,"column":18},"end":{"line":153,"column":48}},"65":{"start":{"line":155,"column":16},"end":{"line":181,"column":24}},"66":{"start":{"line":156,"column":19},"end":{"line":178,"column":21}},"67":{"start":{"line":170,"column":22},"end":{"line":170,"column":74}},"68":{"start":{"line":176,"column":21},"end":{"line":176,"column":70}},"69":{"start":{"line":184,"column":18},"end":{"line":184,"column":62}},"70":{"start":{"line":187,"column":19},"end":{"line":187,"column":39}},"71":{"start":{"line":189,"column":19},"end":{"line":189,"column":45}},"72":{"start":{"line":190,"column":15},"end":{"line":190,"column":48}},"73":{"start":{"line":200,"column":3},"end":{"line":200,"column":17}}},"fnMap":{"0":{"name":"(anonymous_0)","decl":{"start":{"line":14,"column":2},"end":{"line":14,"column":3}},"loc":{"start":{"line":14,"column":72},"end":{"line":22,"column":1}},"line":14},"1":{"name":"(anonymous_1)","decl":{"start":{"line":24,"column":0},"end":{"line":24,"column":1}},"loc":{"start":{"line":24,"column":22},"end":{"line":78,"column":3}},"line":24},"2":{"name":"(anonymous_2)","decl":{"start":{"line":37,"column":21},"end":{"line":37,"column":22}},"loc":{"start":{"line":37,"column":29},"end":{"line":70,"column":7}},"line":37},"3":{"name":"(anonymous_3)","decl":{"start":{"line":82,"column":0},"end":{"line":82,"column":1}},"loc":{"start":{"line":82,"column":90},"end":{"line":204,"column":1}},"line":82},"4":{"name":"(anonymous_4)","decl":{"start":{"line":92,"column":38},"end":{"line":92,"column":39}},"loc":{"start":{"line":92,"column":54},"end":{"line":197,"column":3}},"line":92},"5":{"name":"removeImage","decl":{"start":{"line":113,"column":23},"end":{"line":113,"column":34}},"loc":{"start":{"line":113,"column":41},"end":{"line":130,"column":15}},"line":113},"6":{"name":"(anonymous_6)","decl":{"start":{"line":121,"column":33},"end":{"line":121,"column":34}},"loc":{"start":{"line":121,"column":41},"end":{"line":128,"column":21}},"line":121},"7":{"name":"(anonymous_7)","decl":{"start":{"line":141,"column":49},"end":{"line":141,"column":50}},"loc":{"start":{"line":141,"column":56},"end":{"line":188,"column":18}},"line":141},"8":{"name":"resizeImage","decl":{"start":{"line":146,"column":28},"end":{"line":146,"column":39}},"loc":{"start":{"line":146,"column":41},"end":{"line":183,"column":19}},"line":146},"9":{"name":"(anonymous_9)","decl":{"start":{"line":155,"column":27},"end":{"line":155,"column":28}},"loc":{"start":{"line":155,"column":31},"end":{"line":181,"column":18}},"line":155},"10":{"name":"(anonymous_10)","decl":{"start":{"line":167,"column":26},"end":{"line":167,"column":27}},"loc":{"start":{"line":167,"column":33},"end":{"line":172,"column":24}},"line":167},"11":{"name":"(anonymous_11)","decl":{"start":{"line":174,"column":28},"end":{"line":174,"column":29}},"loc":{"start":{"line":174,"column":32},"end":{"line":178,"column":20}},"line":174}},"branchMap":{"0":{"loc":{"start":{"line":14,"column":59},"end":{"line":14,"column":71}},"type":"default-arg","locations":[{"start":{"line":14,"column":69},"end":{"line":14,"column":71}}],"line":14},"1":{"loc":{"start":{"line":41,"column":10},"end":{"line":46,"column":11}},"type":"if","locations":[{"start":{"line":41,"column":10},"end":{"line":46,"column":11}},{"start":{},"end":{}}],"line":41},"2":{"loc":{"start":{"line":43,"column":14},"end":{"line":45,"column":15}},"type":"if","locations":[{"start":{"line":43,"column":14},"end":{"line":45,"column":15}},{"start":{},"end":{}}],"line":43},"3":{"loc":{"start":{"line":48,"column":10},"end":{"line":53,"column":11}},"type":"if","locations":[{"start":{"line":48,"column":10},"end":{"line":53,"column":11}},{"start":{},"end":{}}],"line":48},"4":{"loc":{"start":{"line":50,"column":14},"end":{"line":52,"column":15}},"type":"if","locations":[{"start":{"line":50,"column":14},"end":{"line":52,"column":15}},{"start":{},"end":{}}],"line":50},"5":{"loc":{"start":{"line":55,"column":10},"end":{"line":60,"column":11}},"type":"if","locations":[{"start":{"line":55,"column":10},"end":{"line":60,"column":11}},{"start":{},"end":{}}],"line":55},"6":{"loc":{"start":{"line":57,"column":14},"end":{"line":59,"column":15}},"type":"if","locations":[{"start":{"line":57,"column":14},"end":{"line":59,"column":15}},{"start":{},"end":{}}],"line":57},"7":{"loc":{"start":{"line":63,"column":7},"end":{"line":67,"column":8}},"type":"if","locations":[{"start":{"line":63,"column":7},"end":{"line":67,"column":8}},{"start":{},"end":{}}],"line":63},"8":{"loc":{"start":{"line":64,"column":10},"end":{"line":66,"column":11}},"type":"if","locations":[{"start":{"line":64,"column":10},"end":{"line":66,"column":11}},{"start":{},"end":{}}],"line":64},"9":{"loc":{"start":{"line":82,"column":45},"end":{"line":82,"column":59}},"type":"default-arg","locations":[{"start":{"line":82,"column":54},"end":{"line":82,"column":59}}],"line":82},"10":{"loc":{"start":{"line":82,"column":60},"end":{"line":82,"column":78}},"type":"default-arg","locations":[{"start":{"line":82,"column":76},"end":{"line":82,"column":78}}],"line":82},"11":{"loc":{"start":{"line":90,"column":23},"end":{"line":90,"column":52}},"type":"cond-expr","locations":[{"start":{"line":90,"column":32},"end":{"line":90,"column":41}},{"start":{"line":90,"column":42},"end":{"line":90,"column":52}}],"line":90},"12":{"loc":{"start":{"line":94,"column":23},"end":{"line":94,"column":52}},"type":"cond-expr","locations":[{"start":{"line":94,"column":32},"end":{"line":94,"column":42}},{"start":{"line":94,"column":43},"end":{"line":94,"column":52}}],"line":94},"13":{"loc":{"start":{"line":98,"column":6},"end":{"line":105,"column":7}},"type":"if","locations":[{"start":{"line":98,"column":6},"end":{"line":105,"column":7}},{"start":{},"end":{}}],"line":98},"14":{"loc":{"start":{"line":107,"column":6},"end":{"line":194,"column":9}},"type":"if","locations":[{"start":{"line":107,"column":6},"end":{"line":194,"column":9}},{"start":{"line":137,"column":12},"end":{"line":194,"column":9}}],"line":107},"15":{"loc":{"start":{"line":115,"column":18},"end":{"line":117,"column":19}},"type":"if","locations":[{"start":{"line":115,"column":18},"end":{"line":117,"column":19}},{"start":{},"end":{}}],"line":115},"16":{"loc":{"start":{"line":122,"column":22},"end":{"line":126,"column":23}},"type":"if","locations":[{"start":{"line":122,"column":22},"end":{"line":126,"column":23}},{"start":{},"end":{}}],"line":122},"17":{"loc":{"start":{"line":147,"column":39},"end":{"line":147,"column":116}},"type":"cond-expr","locations":[{"start":{"line":147,"column":63},"end":{"line":147,"column":83}},{"start":{"line":147,"column":84},"end":{"line":147,"column":116}}],"line":147},"18":{"loc":{"start":{"line":170,"column":22},"end":{"line":170,"column":74}},"type":"cond-expr","locations":[{"start":{"line":170,"column":46},"end":{"line":170,"column":69}},{"start":{"line":170,"column":70},"end":{"line":170,"column":74}}],"line":170},"19":{"loc":{"start":{"line":184,"column":18},"end":{"line":184,"column":62}},"type":"cond-expr","locations":[{"start":{"line":184,"column":44},"end":{"line":184,"column":57}},{"start":{"line":184,"column":58},"end":{"line":184,"column":62}}],"line":184}},"s":{"0":1,"1":1,"2":1,"3":1,"4":1,"5":1,"6":1,"7":0,"8":0,"9":0,"10":0,"11":0,"12":0,"13":0,"14":0,"15":0,"16":0,"17":0,"18":0,"19":0,"20":0,"21":0,"22":0,"23":0,"24":0,"25":0,"26":0,"27":0,"28":0,"29":0,"30":0,"31":0,"32":0,"33":1,"34":1,"35":1,"36":1,"37":1,"38":1,"39":0,"40":0,"41":0,"42":0,"43":0,"44":0,"45":0,"46":0,"47":0,"48":0,"49":0,"50":0,"51":0,"52":0,"53":0,"54":0,"55":0,"56":0,"57":0,"58":0,"59":0,"60":0,"61":0,"62":0,"63":0,"64":0,"65":0,"66":0,"67":0,"68":0,"69":0,"70":0,"71":0,"72":0,"73":0},"f":{"0":1,"1":0,"2":0,"3":1,"4":0,"5":0,"6":0,"7":0,"8":0,"9":0,"10":0,"11":0},"b":{"0":[0],"1":[0,0],"2":[0,0],"3":[0,0],"4":[0,0],"5":[0,0],"6":[0,0],"7":[0,0],"8":[0,0],"9":[0],"10":[0],"11":[1,0],"12":[0,0],"13":[0,0],"14":[0,0],"15":[0,0],"16":[0,0],"17":[0,0],"18":[0,0],"19":[0,0]},"_coverageSchema":"1a1c01bbd47fc00a2c39e90264f33305004495a9","hash":"ed9b8b9e9b8bd7dd1c8eaea7e7c40e97fc8f6718"}
,"C:\\Users\\BONJOUREX\\Desktop\\Code-project\\node_project\\backend\\uploader\\MulterSetting.js": {"path":"C:\\Users\\BONJOUREX\\Desktop\\Code-project\\node_project\\backend\\uploader\\MulterSetting.js","statementMap":{"0":{"start":{"line":18,"column":7},"end":{"line":33,"column":8}},"1":{"start":{"line":19,"column":22},"end":{"line":19,"column":46}},"2":{"start":{"line":22,"column":7},"end":{"line":30,"column":7}},"3":{"start":{"line":23,"column":8},"end":{"line":23,"column":37}},"4":{"start":{"line":25,"column":9},"end":{"line":28,"column":10}},"5":{"start":{"line":26,"column":21},"end":{"line":26,"column":60}},"6":{"start":{"line":27,"column":10},"end":{"line":27,"column":31}},"7":{"start":{"line":32,"column":8},"end":{"line":32,"column":34}},"8":{"start":{"line":35,"column":24},"end":{"line":55,"column":9}},"9":{"start":{"line":39,"column":16},"end":{"line":39,"column":32}},"10":{"start":{"line":40,"column":16},"end":{"line":40,"column":23}},"11":{"start":{"line":45,"column":26},"end":{"line":45,"column":93}},"12":{"start":{"line":46,"column":27},"end":{"line":46,"column":72}},"13":{"start":{"line":48,"column":16},"end":{"line":48,"column":30}},"14":{"start":{"line":57,"column":19},"end":{"line":61,"column":4}},"15":{"start":{"line":63,"column":2},"end":{"line":66,"column":1}}},"fnMap":{"0":{"name":"(anonymous_0)","decl":{"start":{"line":16,"column":0},"end":{"line":16,"column":1}},"loc":{"start":{"line":16,"column":21},"end":{"line":67,"column":1}},"line":16},"1":{"name":"(anonymous_1)","decl":{"start":{"line":38,"column":25},"end":{"line":38,"column":26}},"loc":{"start":{"line":38,"column":49},"end":{"line":42,"column":13}},"line":38},"2":{"name":"(anonymous_2)","decl":{"start":{"line":44,"column":22},"end":{"line":44,"column":23}},"loc":{"start":{"line":44,"column":46},"end":{"line":49,"column":13}},"line":44}},"branchMap":{"0":{"loc":{"start":{"line":22,"column":7},"end":{"line":30,"column":7}},"type":"if","locations":[{"start":{"line":22,"column":7},"end":{"line":30,"column":7}},{"start":{},"end":{}}],"line":22},"1":{"loc":{"start":{"line":25,"column":9},"end":{"line":28,"column":10}},"type":"if","locations":[{"start":{"line":25,"column":9},"end":{"line":28,"column":10}},{"start":{},"end":{}}],"line":25}},"s":{"0":2,"1":2,"2":2,"3":0,"4":0,"5":0,"6":0,"7":0,"8":2,"9":0,"10":0,"11":0,"12":0,"13":0,"14":2,"15":2},"f":{"0":2,"1":0,"2":0},"b":{"0":[0,2],"1":[0,0]},"_coverageSchema":"1a1c01bbd47fc00a2c39e90264f33305004495a9","hash":"07f838de2ef1bd80334dd93acc9e30130ece34c7"}
}
