TN:
SF:index.js
FN:86,(anonymous_0)
FN:145,(anonymous_1)
FN:149,(anonymous_2)
FN:153,(anonymous_3)
FN:200,(anonymous_4)
FN:222,(anonymous_5)
FN:223,(anonymous_6)
FN:228,(anonymous_7)
FN:232,(anonymous_8)
FN:236,(anonymous_9)
FN:242,(anonymous_10)
FN:252,(anonymous_11)
FN:265,(anonymous_12)
FN:269,(anonymous_13)
FN:283,(anonymous_14)
FNF:15
FNH:2
FNDA:3,(anonymous_0)
FNDA:0,(anonymous_1)
FNDA:0,(anonymous_2)
FNDA:0,(anonymous_3)
FNDA:3,(anonymous_4)
FNDA:0,(anonymous_5)
FNDA:0,(anonymous_6)
FNDA:0,(anonymous_7)
FNDA:0,(anonymous_8)
FNDA:0,(anonymous_9)
FNDA:0,(anonymous_10)
FNDA:0,(anonymous_11)
FNDA:0,(anonymous_12)
FNDA:0,(anonymous_13)
FNDA:0,(anonymous_14)
DA:27,2
DA:28,2
DA:29,2
DA:30,2
DA:31,2
DA:51,2
DA:60,2
DA:61,2
DA:86,2
DA:88,3
DA:89,3
DA:91,0
DA:95,3
DA:100,2
DA:102,0
DA:107,2
DA:111,2
DA:116,2
DA:122,2
DA:124,2
DA:126,0
DA:132,2
DA:137,2
DA:145,2
DA:146,0
DA:149,2
DA:150,0
DA:153,2
DA:154,0
DA:155,0
DA:158,2
DA:162,0
DA:163,0
DA:164,0
DA:167,0
DA:174,2
DA:175,2
DA:176,2
DA:181,2
DA:182,2
DA:183,2
DA:194,2
DA:199,2
DA:200,2
DA:201,3
DA:202,3
DA:222,2
DA:223,0
DA:225,0
DA:226,0
DA:228,0
DA:229,0
DA:232,0
DA:233,0
DA:236,0
DA:237,0
DA:242,2
DA:243,0
DA:244,0
DA:245,0
DA:246,0
DA:247,0
DA:248,0
DA:250,0
DA:252,0
DA:257,0
DA:262,2
DA:265,0
DA:266,0
DA:268,0
DA:269,0
DA:270,0
DA:277,2
DA:278,2
DA:279,2
DA:280,2
DA:283,2
DA:285,0
LF:78
LH:43
BRDA:30,0,0,2
BRDA:30,0,1,2
BRDA:88,1,0,3
BRDA:88,1,1,0
BRDA:88,2,0,3
BRDA:88,2,1,3
BRDA:124,3,0,0
BRDA:124,3,1,2
BRDA:158,4,0,0
BRDA:158,4,1,2
BRDA:158,5,0,2
BRDA:158,5,1,2
BRDA:262,6,0,0
BRDA:262,6,1,2
BRDA:262,7,0,2
BRDA:262,7,1,2
BRDA:268,8,0,0
BRDA:268,8,1,0
BRF:18
BRH:12
end_of_record
TN:
SF:controller\general.js
FN:3,(anonymous_0)
FNF:1
FNH:0
FNDA:0,(anonymous_0)
DA:3,2
DA:4,0
DA:5,0
DA:6,0
DA:7,0
DA:9,0
LF:6
LH:1
BRF:0
BRH:0
end_of_record
TN:
SF:controller\clients\geographics.js
FN:5,(anonymous_0)
FN:9,(anonymous_1)
FN:21,(anonymous_2)
FNF:3
FNH:0
FNDA:0,(anonymous_0)
FNDA:0,(anonymous_1)
FNDA:0,(anonymous_2)
DA:5,2
DA:7,0
DA:9,0
DA:10,0
DA:11,0
DA:12,0
DA:13,0
DA:14,0
DA:16,0
DA:18,0
DA:21,0
DA:23,0
DA:26,0
LF:13
LH:1
BRDA:11,0,0,0
BRDA:11,0,1,0
BRDA:13,1,0,0
BRDA:13,1,1,0
BRF:4
BRH:0
end_of_record
TN:
SF:controller\clients\getTransaction.js
FN:3,(anonymous_0)
FNF:1
FNH:0
FNDA:0,(anonymous_0)
DA:3,2
DA:5,0
DA:7,0
DA:9,0
DA:10,0
DA:11,0
DA:14,0
DA:16,0
DA:25,0
DA:27,0
DA:35,0
DA:42,0
LF:12
LH:1
BRDA:5,0,0,0
BRDA:5,1,0,0
BRDA:5,2,0,0
BRDA:5,3,0,0
BRDA:9,4,0,0
BRDA:9,4,1,0
BRDA:11,5,0,0
BRDA:11,5,1,0
BRF:8
BRH:0
end_of_record
TN:
SF:controller\clients\login.js
FN:8,(anonymous_0)
FNF:1
FNH:1
FNDA:2,(anonymous_0)
DA:6,2
DA:8,2
DA:9,2
DA:10,2
DA:11,2
DA:13,2
DA:14,2
DA:16,2
DA:17,1
DA:20,1
DA:22,1
DA:23,0
DA:26,1
DA:27,0
DA:30,1
DA:32,1
DA:42,0
DA:43,0
LF:18
LH:14
BRDA:13,0,0,1
BRDA:13,0,1,1
BRDA:14,1,0,0
BRDA:14,1,1,2
BRDA:16,2,0,1
BRDA:16,2,1,1
BRDA:22,3,0,0
BRDA:22,3,1,1
BRDA:26,4,0,0
BRDA:26,4,1,1
BRF:10
BRH:7
end_of_record
TN:
SF:controller\clients\product.js
FN:4,(anonymous_0)
FNF:1
FNH:0
FNDA:0,(anonymous_0)
DA:4,2
DA:14,0
DA:78,0
LF:3
LH:1
BRF:0
BRH:0
end_of_record
TN:
SF:controller\clients\profile.js
FN:1,(anonymous_0)
FNF:1
FNH:0
FNDA:0,(anonymous_0)
DA:1,2
DA:3,0
LF:2
LH:1
BRF:0
BRH:0
end_of_record
TN:
SF:controller\clients\register.js
FN:4,(anonymous_0)
FNF:1
FNH:0
FNDA:0,(anonymous_0)
DA:4,2
DA:6,0
DA:7,0
DA:8,0
DA:25,0
DA:26,0
DA:27,0
LF:7
LH:1
BRF:0
BRH:0
end_of_record
TN:
SF:controller\clients\requetPassword.js
FN:9,(anonymous_0)
FN:34,(anonymous_1)
FNF:2
FNH:0
FNDA:0,(anonymous_0)
FNDA:0,(anonymous_1)
DA:9,2
DA:11,0
DA:13,0
DA:14,0
DA:16,0
DA:18,0
DA:36,0
DA:37,0
DA:38,0
DA:43,0
DA:44,0
DA:45,0
DA:47,0
DA:50,0
DA:51,0
LF:15
LH:1
BRDA:11,0,0,0
BRDA:11,0,1,0
BRDA:11,1,0,0
BRDA:11,1,1,0
BRDA:14,2,0,0
BRDA:14,2,1,0
BRDA:36,3,0,0
BRDA:36,3,1,0
BRDA:44,4,0,0
BRDA:44,4,1,0
BRF:10
BRH:0
end_of_record
TN:
SF:controller\clients\resetPassword.js
FN:5,(anonymous_0)
FNF:1
FNH:0
FNDA:0,(anonymous_0)
DA:5,2
DA:6,0
DA:7,0
DA:8,0
DA:10,0
DA:11,0
DA:13,0
DA:14,0
DA:15,0
DA:17,0
DA:18,0
DA:21,0
DA:22,0
DA:23,0
DA:25,0
DA:29,0
DA:30,0
LF:17
LH:1
BRDA:7,0,0,0
BRDA:7,0,1,0
BRDA:7,1,0,0
BRDA:7,1,1,0
BRDA:8,2,0,0
BRDA:8,2,1,0
BRDA:8,3,0,0
BRDA:8,3,1,0
BRDA:14,4,0,0
BRDA:14,4,1,0
BRDA:21,5,0,0
BRDA:21,5,1,0
BRF:12
BRH:0
end_of_record
TN:
SF:controller\clients\salesStat.js
FN:4,(anonymous_0)
FNF:1
FNH:0
FNDA:0,(anonymous_0)
DA:4,2
DA:6,0
DA:7,0
DA:9,0
DA:11,0
LF:5
LH:1
BRF:0
BRH:0
end_of_record
TN:
SF:data\index.js
FNF:0
FNH:0
DA:1,2
DA:1809,2
DA:2269,2
DA:2542,2
DA:12805,2
DA:17309,2
LF:6
LH:6
BRF:0
BRH:0
end_of_record
TN:
SF:lib\crypto.js
FN:5,encoder
FN:60,decode
FNF:2
FNH:1
FNDA:1,encoder
FNDA:0,decode
DA:2,2
DA:4,2
DA:8,1
DA:9,1
DA:10,1
DA:12,1
DA:13,48
DA:14,48
DA:15,48
DA:19,1
DA:20,1
DA:21,1
DA:22,236
DA:23,236
DA:29,1
DA:32,1
DA:33,1
DA:34,1
DA:35,1
DA:36,1
DA:37,1
DA:38,1
DA:39,1
DA:40,5
DA:41,5
DA:43,5
DA:46,1
DA:47,1
DA:48,5
DA:50,5
DA:54,1
DA:62,0
DA:63,0
DA:64,0
DA:65,0
DA:68,0
DA:69,0
DA:72,0
DA:76,0
DA:77,0
DA:78,0
DA:79,0
DA:81,0
DA:82,0
DA:83,0
DA:84,0
DA:89,0
DA:91,0
DA:92,0
DA:93,0
DA:96,0
LF:51
LH:31
BRDA:5,0,0,0
BRDA:5,1,0,0
BRDA:33,2,0,1
BRDA:33,2,1,0
BRDA:68,3,0,0
BRDA:68,3,1,0
BRF:6
BRH:1
end_of_record
TN:
SF:lib\mailer.js
FN:11,(anonymous_0)
FN:51,(anonymous_1)
FN:109,(anonymous_2)
FNF:3
FNH:0
FNDA:0,(anonymous_0)
FNDA:0,(anonymous_1)
FNDA:0,(anonymous_2)
DA:11,2
DA:51,2
DA:74,0
DA:102,0
DA:109,0
DA:110,0
DA:111,0
DA:112,0
DA:113,0
DA:115,0
LF:10
LH:2
BRDA:51,0,0,0
BRDA:110,1,0,0
BRDA:110,1,1,0
BRF:3
BRH:0
end_of_record
TN:
SF:lib\passwordGeneator.js
FN:6,genPasswordCryptoBase
FN:16,checkCryptoPassword
FN:27,generateHashPassword
FN:52,checkPassword
FNF:4
FNH:1
FNDA:0,genPasswordCryptoBase
FNDA:1,checkCryptoPassword
FNDA:0,generateHashPassword
FNDA:0,checkPassword
DA:7,0
DA:8,0
DA:9,0
DA:13,0
DA:18,1
DA:20,1
DA:21,1
DA:23,0
DA:28,0
DA:29,0
DA:30,0
DA:31,0
DA:33,0
DA:53,0
DA:57,2
LF:15
LH:4
BRDA:20,0,0,1
BRDA:20,0,1,0
BRDA:27,1,0,0
BRDA:30,2,0,0
BRDA:30,2,1,0
BRF:5
BRH:1
end_of_record
TN:
SF:lib\randomString.js
FN:1,(anonymous_0)
FNF:1
FNH:0
FNDA:0,(anonymous_0)
DA:1,2
DA:6,0
DA:7,0
DA:8,0
DA:9,0
DA:10,0
DA:11,0
DA:12,0
DA:15,0
LF:9
LH:1
BRDA:1,0,0,0
BRDA:1,1,0,0
BRDA:1,2,0,0
BRDA:6,3,0,0
BRDA:6,3,1,0
BRDA:9,4,0,0
BRDA:9,4,1,0
BRDA:9,5,0,0
BRDA:9,5,1,0
BRF:9
BRH:0
end_of_record
TN:
SF:middleware\auth\authChecker.js
FN:17,(anonymous_0)
FN:18,(anonymous_1)
FN:19,(anonymous_2)
FN:35,(anonymous_3)
FN:40,(anonymous_4)
FNF:5
FNH:2
FNDA:2,(anonymous_0)
FNDA:2,(anonymous_1)
FNDA:0,(anonymous_2)
FNDA:0,(anonymous_3)
FNDA:0,(anonymous_4)
DA:3,2
DA:5,2
DA:6,2
DA:11,2
DA:12,2
DA:13,2
DA:14,2
DA:17,2
DA:18,2
DA:19,2
DA:20,0
DA:21,0
DA:22,0
DA:24,0
DA:27,0
DA:35,2
DA:37,0
DA:40,2
DA:41,0
DA:45,2
LF:20
LH:13
BRDA:18,0,0,2
BRDA:18,1,0,2
BRDA:22,2,0,0
BRDA:22,2,1,0
BRF:4
BRH:2
end_of_record
TN:
SF:middleware\auth\authSign.js
FN:5,(anonymous_0)
FN:40,(anonymous_1)
FNF:2
FNH:1
FNDA:1,(anonymous_0)
FNDA:0,(anonymous_1)
DA:5,2
DA:14,1
DA:19,1
DA:22,1
DA:26,1
DA:28,1
DA:33,1
DA:34,1
DA:36,1
DA:40,2
DA:41,0
DA:45,0
DA:46,0
DA:47,0
LF:14
LH:10
BRDA:5,0,0,1
BRDA:19,1,0,0
BRDA:19,1,1,1
BRDA:23,2,0,0
BRDA:23,2,1,1
BRDA:26,3,0,0
BRDA:26,3,1,1
BRDA:28,4,0,0
BRDA:28,4,1,1
BRDA:28,5,0,1
BRDA:28,5,1,0
BRDA:40,6,0,0
BRDA:45,7,0,0
BRDA:45,7,1,0
BRF:14
BRH:6
end_of_record
TN:
SF:middleware\auth\logoutOut.js
FN:3,(anonymous_0)
FN:4,(anonymous_1)
FNF:2
FNH:0
FNDA:0,(anonymous_0)
FNDA:0,(anonymous_1)
DA:3,2
DA:4,0
DA:6,0
DA:9,0
DA:12,0
DA:13,0
DA:15,0
DA:16,0
DA:19,0
DA:20,0
DA:23,0
LF:11
LH:1
BRDA:6,0,0,0
BRDA:6,0,1,0
BRDA:12,1,0,0
BRDA:12,1,1,0
BRDA:15,2,0,0
BRDA:15,2,1,0
BRDA:19,3,0,0
BRDA:19,3,1,0
BRF:8
BRH:0
end_of_record
TN:
SF:middleware\auth\regenerate.js
FN:10,(anonymous_0)
FNF:1
FNH:0
FNDA:0,(anonymous_0)
DA:10,2
DA:12,0
DA:14,0
DA:15,0
DA:17,0
DA:20,0
DA:21,0
DA:24,0
DA:26,0
DA:28,0
DA:30,0
DA:31,0
DA:34,0
DA:36,0
DA:37,0
DA:38,0
DA:41,0
DA:55,0
LF:18
LH:1
BRDA:12,0,0,0
BRDA:12,0,1,0
BRDA:14,1,0,0
BRDA:14,1,1,0
BRDA:20,2,0,0
BRDA:20,2,1,0
BRDA:24,3,0,0
BRDA:24,3,1,0
BRDA:30,4,0,0
BRDA:30,4,1,0
BRDA:34,5,0,0
BRDA:34,5,1,0
BRDA:36,6,0,0
BRDA:36,6,1,0
BRDA:37,7,0,0
BRDA:37,7,1,0
BRDA:37,8,0,0
BRDA:37,8,1,0
BRDA:38,9,0,0
BRDA:38,9,1,0
BRDA:38,10,0,0
BRDA:38,10,1,0
BRF:22
BRH:0
end_of_record
TN:
SF:middleware\cookie\checkCookieHasExpired.js
FN:2,(anonymous_0)
FNF:1
FNH:0
FNDA:0,(anonymous_0)
DA:2,2
DA:5,0
DA:6,0
DA:9,0
DA:11,0
DA:14,0
DA:15,0
DA:16,0
DA:19,0
DA:23,0
DA:27,0
DA:33,0
LF:12
LH:1
BRDA:5,0,0,0
BRDA:5,0,1,0
BRDA:9,1,0,0
BRDA:9,1,1,0
BRDA:19,2,0,0
BRDA:19,2,1,0
BRF:6
BRH:0
end_of_record
TN:
SF:middleware\cookie\destroyCookie.js
FN:1,(anonymous_0)
FNF:1
FNH:0
FNDA:0,(anonymous_0)
DA:1,2
DA:2,0
DA:3,0
LF:3
LH:1
BRF:0
BRH:0
end_of_record
TN:
SF:middleware\cookie\setCookie.js
FN:1,(anonymous_0)
FNF:1
FNH:1
FNDA:1,(anonymous_0)
DA:1,2
DA:2,1
DA:11,1
DA:13,1
LF:4
LH:4
BRDA:13,0,0,1
BRDA:13,0,1,0
BRF:2
BRH:1
end_of_record
TN:
SF:model\AllStat.js
FNF:0
FNH:0
DA:4,2
DA:29,2
DA:33,2
LF:3
LH:3
BRF:0
BRH:0
end_of_record
TN:
SF:model\PasswordResetRequests.js
FNF:0
FNH:0
DA:3,2
DA:16,2
LF:2
LH:2
BRF:0
BRH:0
end_of_record
TN:
SF:model\Product.js
FNF:0
FNH:0
DA:3,2
DA:24,2
LF:2
LH:2
BRF:0
BRH:0
end_of_record
TN:
SF:model\ProductStat.js
FNF:0
FNH:0
DA:3,2
DA:24,2
LF:2
LH:2
BRF:0
BRH:0
end_of_record
TN:
SF:model\Student.js
FN:125,(anonymous_0)
FN:152,runAggregation
FN:173,(anonymous_2)
FN:183,(anonymous_3)
FN:200,(anonymous_4)
FNF:5
FNH:0
FNDA:0,(anonymous_0)
FNDA:0,runAggregation
FNDA:0,(anonymous_2)
FNDA:0,(anonymous_3)
FNDA:0,(anonymous_4)
DA:19,2
DA:122,2
DA:125,2
DA:126,0
DA:127,0
DA:128,0
DA:129,0
DA:130,0
DA:133,0
DA:134,0
DA:135,0
DA:153,0
DA:154,0
DA:163,0
DA:165,0
DA:167,0
DA:173,2
DA:175,0
DA:183,0
DA:184,0
DA:185,0
DA:186,0
DA:187,0
DA:188,0
DA:191,0
DA:200,2
DA:201,0
LF:27
LH:5
BRDA:184,0,0,0
BRDA:184,0,1,0
BRDA:185,1,0,0
BRDA:185,1,1,0
BRF:4
BRH:0
end_of_record
TN:
SF:model\Transaction.js
FNF:0
FNH:0
DA:3,2
DA:21,2
LF:2
LH:2
BRF:0
BRH:0
end_of_record
TN:
SF:model\Users.js
FNF:0
FNH:0
DA:3,2
DA:33,2
LF:2
LH:2
BRF:0
BRH:0
end_of_record
TN:
SF:route\client.js
FN:24,(anonymous_0)
FN:26,(anonymous_1)
FN:28,(anonymous_2)
FN:35,(anonymous_3)
FNF:4
FNH:0
FNDA:0,(anonymous_0)
FNDA:0,(anonymous_1)
FNDA:0,(anonymous_2)
FNDA:0,(anonymous_3)
DA:17,2
DA:22,2
DA:24,2
DA:26,0
DA:27,0
DA:29,0
DA:35,2
DA:36,0
DA:39,2
DA:41,2
DA:42,2
DA:44,2
DA:46,2
DA:48,2
DA:50,2
DA:51,2
DA:52,2
DA:53,2
LF:18
LH:14
BRF:0
BRH:0
end_of_record
TN:
SF:route\general.js
FNF:0
FNH:0
DA:2,2
DA:4,2
LF:2
LH:2
BRF:0
BRH:0
end_of_record
TN:
SF:route\management.js
FNF:0
FNH:0
DA:2,2
LF:1
LH:1
BRF:0
BRH:0
end_of_record
TN:
SF:route\sales.js
FNF:0
FNH:0
DA:2,2
LF:1
LH:1
BRF:0
BRH:0
end_of_record
TN:
SF:uploader\FileUploder.js
FN:14,(anonymous_0)
FN:24,(anonymous_1)
FN:37,(anonymous_2)
FN:82,(anonymous_3)
FN:92,(anonymous_4)
FN:113,removeImage
FN:121,(anonymous_6)
FN:141,(anonymous_7)
FN:146,resizeImage
FN:155,(anonymous_9)
FN:167,(anonymous_10)
FN:174,(anonymous_11)
FNF:12
FNH:5
FNDA:2,(anonymous_0)
FNDA:1,(anonymous_1)
FNDA:1,(anonymous_2)
FNDA:2,(anonymous_3)
FNDA:1,(anonymous_4)
FNDA:0,removeImage
FNDA:0,(anonymous_6)
FNDA:0,(anonymous_7)
FNDA:0,resizeImage
FNDA:0,(anonymous_9)
FNDA:0,(anonymous_10)
FNDA:0,(anonymous_11)
DA:12,2
DA:16,2
DA:17,2
DA:18,2
DA:19,2
DA:20,2
DA:21,2
DA:26,1
DA:27,1
DA:28,1
DA:29,1
DA:30,1
DA:31,1
DA:34,1
DA:37,1
DA:39,1
DA:41,0
DA:42,0
DA:43,0
DA:44,0
DA:48,0
DA:49,0
DA:50,0
DA:51,0
DA:55,0
DA:56,0
DA:57,0
DA:58,0
DA:63,0
DA:64,0
DA:65,0
DA:72,0
DA:75,1
DA:83,2
DA:84,2
DA:88,2
DA:89,2
DA:90,2
DA:92,2
DA:93,1
DA:94,1
DA:95,1
DA:98,1
DA:99,1
DA:107,0
DA:115,0
DA:116,0
DA:118,0
DA:119,0
DA:121,0
DA:122,0
DA:124,0
DA:129,0
DA:132,0
DA:134,0
DA:141,0
DA:143,0
DA:144,0
DA:145,0
DA:147,0
DA:148,0
DA:149,0
DA:150,0
DA:151,0
DA:153,0
DA:155,0
DA:156,0
DA:170,0
DA:176,0
DA:184,0
DA:187,0
DA:189,0
DA:190,0
DA:200,0
LF:74
LH:28
BRDA:14,0,0,0
BRDA:41,1,0,0
BRDA:41,1,1,0
BRDA:43,2,0,0
BRDA:43,2,1,0
BRDA:48,3,0,0
BRDA:48,3,1,0
BRDA:50,4,0,0
BRDA:50,4,1,0
BRDA:55,5,0,0
BRDA:55,5,1,0
BRDA:57,6,0,0
BRDA:57,6,1,0
BRDA:63,7,0,0
BRDA:63,7,1,0
BRDA:64,8,0,0
BRDA:64,8,1,0
BRDA:82,9,0,0
BRDA:82,10,0,0
BRDA:90,11,0,2
BRDA:90,11,1,0
BRDA:94,12,0,1
BRDA:94,12,1,0
BRDA:98,13,0,1
BRDA:98,13,1,0
BRDA:107,14,0,0
BRDA:107,14,1,0
BRDA:115,15,0,0
BRDA:115,15,1,0
BRDA:122,16,0,0
BRDA:122,16,1,0
BRDA:147,17,0,0
BRDA:147,17,1,0
BRDA:170,18,0,0
BRDA:170,18,1,0
BRDA:184,19,0,0
BRDA:184,19,1,0
BRF:37
BRH:3
end_of_record
TN:
SF:uploader\MulterSetting.js
FN:16,(anonymous_0)
FN:38,(anonymous_1)
FN:44,(anonymous_2)
FNF:3
FNH:1
FNDA:4,(anonymous_0)
FNDA:0,(anonymous_1)
FNDA:0,(anonymous_2)
DA:18,4
DA:19,4
DA:22,4
DA:23,0
DA:25,0
DA:26,0
DA:27,0
DA:32,0
DA:35,4
DA:39,0
DA:40,0
DA:45,0
DA:46,0
DA:48,0
DA:57,4
DA:63,4
LF:16
LH:6
BRDA:22,0,0,0
BRDA:22,0,1,4
BRDA:25,1,0,0
BRDA:25,1,1,0
BRF:4
BRH:1
end_of_record
