TN:
SF:index.js
FN:47,(anonymous_0)
FN:62,(anonymous_1)
FN:141,(anonymous_2)
FN:163,wholeConecrion
FN:167,connectToDatabase
FN:168,(anonymous_5)
FN:176,(anonymous_6)
FN:181,(anonymous_7)
FN:188,startServer
FN:191,(anonymous_9)
FN:210,(anonymous_10)
FNF:11
FNH:4
FNDA:0,(anonymous_0)
FNDA:0,(anonymous_1)
FNDA:0,(anonymous_2)
FNDA:1,wholeConecrion
FNDA:1,connectToDatabase
FNDA:1,(anonymous_5)
FNDA:0,(anonymous_6)
FNDA:0,(anonymous_7)
FNDA:1,startServer
FNDA:0,(anonymous_9)
FNDA:0,(anonymous_10)
DA:24,1
DA:26,1
DA:27,1
DA:28,1
DA:29,1
DA:31,1
DA:34,1
DA:36,1
DA:45,1
DA:49,0
DA:50,0
DA:52,0
DA:62,1
DA:67,0
DA:69,0
DA:74,0
DA:77,0
DA:81,1
DA:86,1
DA:90,1
DA:95,1
DA:101,1
DA:104,1
DA:106,1
DA:115,1
DA:116,1
DA:117,1
DA:122,1
DA:123,1
DA:124,1
DA:135,1
DA:140,1
DA:141,1
DA:142,0
DA:143,0
DA:154,1
DA:155,1
DA:156,1
DA:157,1
DA:164,1
DA:165,1
DA:168,1
DA:169,1
DA:174,1
DA:176,1
DA:177,0
DA:178,0
DA:181,1
DA:183,0
DA:189,1
DA:190,1
DA:191,0
DA:195,0
DA:196,0
DA:198,0
DA:201,0
DA:205,1
DA:210,1
DA:212,0
LF:59
LH:41
BRDA:28,0,0,1
BRDA:28,0,1,1
BRDA:49,1,0,0
BRDA:49,1,1,0
BRDA:67,2,0,0
BRDA:67,2,1,0
BRDA:67,3,0,0
BRDA:67,3,1,0
BRDA:196,4,0,0
BRDA:196,4,1,0
BRF:10
BRH:2
end_of_record
TN:
SF:controller\general.js
FN:3,(anonymous_0)
FNF:1
FNH:0
FNDA:0,(anonymous_0)
DA:3,1
DA:4,0
DA:5,0
DA:6,0
DA:7,0
DA:9,0
LF:6
LH:1
BRF:0
BRH:0
end_of_record
TN:
SF:controller\clients\geographics.js
FN:5,(anonymous_0)
FN:9,(anonymous_1)
FN:21,(anonymous_2)
FNF:3
FNH:0
FNDA:0,(anonymous_0)
FNDA:0,(anonymous_1)
FNDA:0,(anonymous_2)
DA:5,1
DA:7,0
DA:9,0
DA:10,0
DA:11,0
DA:12,0
DA:13,0
DA:14,0
DA:16,0
DA:18,0
DA:21,0
DA:23,0
DA:26,0
LF:13
LH:1
BRDA:11,0,0,0
BRDA:11,0,1,0
BRDA:13,1,0,0
BRDA:13,1,1,0
BRF:4
BRH:0
end_of_record
TN:
SF:controller\clients\getTransaction.js
FN:3,(anonymous_0)
FNF:1
FNH:0
FNDA:0,(anonymous_0)
DA:3,1
DA:5,0
DA:7,0
DA:9,0
DA:10,0
DA:11,0
DA:14,0
DA:16,0
DA:25,0
DA:27,0
DA:35,0
DA:42,0
LF:12
LH:1
BRDA:5,0,0,0
BRDA:5,1,0,0
BRDA:5,2,0,0
BRDA:5,3,0,0
BRDA:9,4,0,0
BRDA:9,4,1,0
BRDA:11,5,0,0
BRDA:11,5,1,0
BRF:8
BRH:0
end_of_record
TN:
SF:controller\clients\login.js
FN:8,(anonymous_0)
FNF:1
FNH:0
FNDA:0,(anonymous_0)
DA:6,1
DA:8,1
DA:9,0
DA:10,0
DA:11,0
DA:12,0
DA:13,0
DA:14,0
DA:15,0
DA:17,0
DA:18,0
DA:20,0
DA:21,0
DA:26,0
DA:27,0
DA:30,0
LF:16
LH:2
BRDA:11,0,0,0
BRDA:11,0,1,0
BRDA:12,1,0,0
BRDA:12,1,1,0
BRDA:14,2,0,0
BRDA:14,2,1,0
BRDA:17,3,0,0
BRDA:17,3,1,0
BRDA:20,4,0,0
BRDA:20,4,1,0
BRF:10
BRH:0
end_of_record
TN:
SF:controller\clients\product.js
FN:4,(anonymous_0)
FNF:1
FNH:0
FNDA:0,(anonymous_0)
DA:4,1
DA:14,0
DA:78,0
LF:3
LH:1
BRF:0
BRH:0
end_of_record
TN:
SF:controller\clients\profile.js
FN:1,(anonymous_0)
FNF:1
FNH:0
FNDA:0,(anonymous_0)
DA:1,1
DA:3,0
LF:2
LH:1
BRF:0
BRH:0
end_of_record
TN:
SF:controller\clients\register.js
FN:4,(anonymous_0)
FNF:1
FNH:0
FNDA:0,(anonymous_0)
DA:4,1
DA:5,0
DA:6,0
DA:7,0
DA:8,0
DA:25,0
DA:26,0
DA:27,0
LF:8
LH:1
BRF:0
BRH:0
end_of_record
TN:
SF:controller\clients\requetPassword.js
FN:9,(anonymous_0)
FN:34,(anonymous_1)
FNF:2
FNH:0
FNDA:0,(anonymous_0)
FNDA:0,(anonymous_1)
DA:9,1
DA:11,0
DA:13,0
DA:14,0
DA:16,0
DA:18,0
DA:36,0
DA:37,0
DA:38,0
DA:43,0
DA:44,0
DA:45,0
DA:47,0
DA:50,0
DA:51,0
LF:15
LH:1
BRDA:11,0,0,0
BRDA:11,0,1,0
BRDA:11,1,0,0
BRDA:11,1,1,0
BRDA:14,2,0,0
BRDA:14,2,1,0
BRDA:36,3,0,0
BRDA:36,3,1,0
BRDA:44,4,0,0
BRDA:44,4,1,0
BRF:10
BRH:0
end_of_record
TN:
SF:controller\clients\resetPassword.js
FN:5,(anonymous_0)
FNF:1
FNH:0
FNDA:0,(anonymous_0)
DA:5,1
DA:6,0
DA:7,0
DA:8,0
DA:10,0
DA:11,0
DA:13,0
DA:14,0
DA:15,0
DA:17,0
DA:18,0
DA:21,0
DA:22,0
DA:23,0
DA:25,0
DA:29,0
DA:30,0
LF:17
LH:1
BRDA:7,0,0,0
BRDA:7,0,1,0
BRDA:7,1,0,0
BRDA:7,1,1,0
BRDA:8,2,0,0
BRDA:8,2,1,0
BRDA:8,3,0,0
BRDA:8,3,1,0
BRDA:14,4,0,0
BRDA:14,4,1,0
BRDA:21,5,0,0
BRDA:21,5,1,0
BRF:12
BRH:0
end_of_record
TN:
SF:controller\clients\salesStat.js
FN:4,(anonymous_0)
FNF:1
FNH:0
FNDA:0,(anonymous_0)
DA:4,1
DA:6,0
DA:7,0
DA:9,0
DA:11,0
LF:5
LH:1
BRF:0
BRH:0
end_of_record
TN:
SF:data\index.js
FNF:0
FNH:0
DA:1,1
DA:1809,1
DA:2269,1
DA:2542,1
DA:12805,1
DA:17309,1
LF:6
LH:6
BRF:0
BRH:0
end_of_record
TN:
SF:lib\crypto.js
FN:5,encoder
FN:60,decode
FNF:2
FNH:0
FNDA:0,encoder
FNDA:0,decode
DA:2,1
DA:4,1
DA:8,0
DA:9,0
DA:10,0
DA:12,0
DA:13,0
DA:14,0
DA:15,0
DA:19,0
DA:20,0
DA:21,0
DA:22,0
DA:23,0
DA:29,0
DA:32,0
DA:33,0
DA:34,0
DA:35,0
DA:36,0
DA:37,0
DA:38,0
DA:39,0
DA:40,0
DA:41,0
DA:43,0
DA:46,0
DA:47,0
DA:48,0
DA:50,0
DA:54,0
DA:62,0
DA:63,0
DA:64,0
DA:65,0
DA:68,0
DA:69,0
DA:72,0
DA:76,0
DA:77,0
DA:78,0
DA:79,0
DA:81,0
DA:82,0
DA:83,0
DA:84,0
DA:89,0
DA:91,0
DA:92,0
DA:93,0
DA:96,0
LF:51
LH:2
BRDA:5,0,0,0
BRDA:5,1,0,0
BRDA:33,2,0,0
BRDA:33,2,1,0
BRDA:68,3,0,0
BRDA:68,3,1,0
BRF:6
BRH:0
end_of_record
TN:
SF:lib\dir.js
FN:5,(anonymous_0)
FNF:1
FNH:1
FNDA:1,(anonymous_0)
DA:5,1
DA:7,1
DA:10,1
LF:3
LH:3
BRF:0
BRH:0
end_of_record
TN:
SF:lib\mailer.js
FN:11,(anonymous_0)
FN:51,(anonymous_1)
FN:109,(anonymous_2)
FNF:3
FNH:0
FNDA:0,(anonymous_0)
FNDA:0,(anonymous_1)
FNDA:0,(anonymous_2)
DA:11,1
DA:51,1
DA:74,0
DA:102,0
DA:109,0
DA:110,0
DA:111,0
DA:112,0
DA:113,0
DA:115,0
LF:10
LH:2
BRDA:51,0,0,0
BRDA:110,1,0,0
BRDA:110,1,1,0
BRF:3
BRH:0
end_of_record
TN:
SF:lib\passwordGeneator.js
FN:6,genPasswordCryptoBase
FN:16,checkCryptoPassword
FN:27,generateHashPassword
FN:52,checkPassword
FNF:4
FNH:0
FNDA:0,genPasswordCryptoBase
FNDA:0,checkCryptoPassword
FNDA:0,generateHashPassword
FNDA:0,checkPassword
DA:7,0
DA:8,0
DA:9,0
DA:13,0
DA:18,0
DA:20,0
DA:21,0
DA:23,0
DA:28,0
DA:29,0
DA:30,0
DA:31,0
DA:33,0
DA:53,0
DA:57,1
LF:15
LH:1
BRDA:20,0,0,0
BRDA:20,0,1,0
BRDA:27,1,0,0
BRDA:30,2,0,0
BRDA:30,2,1,0
BRF:5
BRH:0
end_of_record
TN:
SF:lib\randomString.js
FN:1,(anonymous_0)
FNF:1
FNH:0
FNDA:0,(anonymous_0)
DA:1,1
DA:6,0
DA:7,0
DA:8,0
DA:9,0
DA:10,0
DA:11,0
DA:12,0
DA:15,0
LF:9
LH:1
BRDA:1,0,0,0
BRDA:1,1,0,0
BRDA:1,2,0,0
BRDA:6,3,0,0
BRDA:6,3,1,0
BRDA:9,4,0,0
BRDA:9,4,1,0
BRDA:9,5,0,0
BRDA:9,5,1,0
BRF:9
BRH:0
end_of_record
TN:
SF:middleware\auth\authChecker.js
FN:17,(anonymous_0)
FN:18,(anonymous_1)
FN:19,(anonymous_2)
FN:35,(anonymous_3)
FN:40,(anonymous_4)
FNF:5
FNH:2
FNDA:1,(anonymous_0)
FNDA:1,(anonymous_1)
FNDA:0,(anonymous_2)
FNDA:0,(anonymous_3)
FNDA:0,(anonymous_4)
DA:3,1
DA:5,1
DA:6,1
DA:11,1
DA:12,1
DA:13,1
DA:14,1
DA:17,1
DA:18,1
DA:19,1
DA:20,0
DA:21,0
DA:22,0
DA:24,0
DA:27,0
DA:35,1
DA:37,0
DA:40,1
DA:41,0
DA:45,1
LF:20
LH:13
BRDA:18,0,0,1
BRDA:18,1,0,1
BRDA:22,2,0,0
BRDA:22,2,1,0
BRF:4
BRH:2
end_of_record
TN:
SF:middleware\auth\authSign.js
FN:3,(anonymous_0)
FN:34,(anonymous_1)
FNF:2
FNH:0
FNDA:0,(anonymous_0)
FNDA:0,(anonymous_1)
DA:3,1
DA:8,0
DA:13,0
DA:16,0
DA:20,0
DA:22,0
DA:27,0
DA:28,0
DA:30,0
DA:34,1
DA:35,0
DA:39,0
DA:40,0
DA:41,0
LF:14
LH:2
BRDA:3,0,0,0
BRDA:13,1,0,0
BRDA:13,1,1,0
BRDA:17,2,0,0
BRDA:17,2,1,0
BRDA:20,3,0,0
BRDA:20,3,1,0
BRDA:22,4,0,0
BRDA:22,4,1,0
BRDA:22,5,0,0
BRDA:22,5,1,0
BRDA:34,6,0,0
BRDA:39,7,0,0
BRDA:39,7,1,0
BRF:14
BRH:0
end_of_record
TN:
SF:middleware\auth\logoutOut.js
FN:3,(anonymous_0)
FN:4,(anonymous_1)
FNF:2
FNH:0
FNDA:0,(anonymous_0)
FNDA:0,(anonymous_1)
DA:3,1
DA:4,0
DA:6,0
DA:9,0
DA:12,0
DA:13,0
DA:15,0
DA:16,0
DA:19,0
DA:20,0
DA:23,0
LF:11
LH:1
BRDA:6,0,0,0
BRDA:6,0,1,0
BRDA:12,1,0,0
BRDA:12,1,1,0
BRDA:15,2,0,0
BRDA:15,2,1,0
BRDA:19,3,0,0
BRDA:19,3,1,0
BRF:8
BRH:0
end_of_record
TN:
SF:middleware\auth\regenerate.js
FN:10,(anonymous_0)
FNF:1
FNH:0
FNDA:0,(anonymous_0)
DA:10,1
DA:12,0
DA:14,0
DA:15,0
DA:17,0
DA:20,0
DA:21,0
DA:24,0
DA:26,0
DA:28,0
DA:30,0
DA:31,0
DA:34,0
DA:36,0
DA:37,0
DA:38,0
DA:41,0
DA:55,0
LF:18
LH:1
BRDA:12,0,0,0
BRDA:12,0,1,0
BRDA:14,1,0,0
BRDA:14,1,1,0
BRDA:20,2,0,0
BRDA:20,2,1,0
BRDA:24,3,0,0
BRDA:24,3,1,0
BRDA:30,4,0,0
BRDA:30,4,1,0
BRDA:34,5,0,0
BRDA:34,5,1,0
BRDA:36,6,0,0
BRDA:36,6,1,0
BRDA:37,7,0,0
BRDA:37,7,1,0
BRDA:37,8,0,0
BRDA:37,8,1,0
BRDA:38,9,0,0
BRDA:38,9,1,0
BRDA:38,10,0,0
BRDA:38,10,1,0
BRF:22
BRH:0
end_of_record
TN:
SF:middleware\cookie\checkCookieHasExpired.js
FN:2,(anonymous_0)
FNF:1
FNH:0
FNDA:0,(anonymous_0)
DA:2,1
DA:5,0
DA:6,0
DA:9,0
DA:11,0
DA:14,0
DA:15,0
DA:16,0
DA:19,0
DA:23,0
DA:27,0
DA:33,0
LF:12
LH:1
BRDA:5,0,0,0
BRDA:5,0,1,0
BRDA:9,1,0,0
BRDA:9,1,1,0
BRDA:19,2,0,0
BRDA:19,2,1,0
BRF:6
BRH:0
end_of_record
TN:
SF:middleware\cookie\destroyCookie.js
FN:1,(anonymous_0)
FNF:1
FNH:0
FNDA:0,(anonymous_0)
DA:1,1
DA:2,0
DA:3,0
LF:3
LH:1
BRF:0
BRH:0
end_of_record
TN:
SF:middleware\cookie\setCookie.js
FN:1,(anonymous_0)
FNF:1
FNH:0
FNDA:0,(anonymous_0)
DA:1,1
DA:2,0
DA:11,0
DA:13,0
LF:4
LH:1
BRDA:13,0,0,0
BRDA:13,0,1,0
BRF:2
BRH:0
end_of_record
TN:
SF:middleware\session\session.js
FN:4,(anonymous_0)
FNF:1
FNH:0
FNDA:0,(anonymous_0)
DA:3,1
DA:4,1
DA:5,0
LF:3
LH:2
BRF:0
BRH:0
end_of_record
TN:
SF:model\AllStat.js
FNF:0
FNH:0
DA:4,1
DA:29,1
DA:33,1
LF:3
LH:3
BRF:0
BRH:0
end_of_record
TN:
SF:model\PasswordResetRequests.js
FNF:0
FNH:0
DA:3,1
DA:16,1
LF:2
LH:2
BRF:0
BRH:0
end_of_record
TN:
SF:model\Product.js
FNF:0
FNH:0
DA:3,1
DA:24,1
LF:2
LH:2
BRF:0
BRH:0
end_of_record
TN:
SF:model\ProductStat.js
FNF:0
FNH:0
DA:3,1
DA:24,1
LF:2
LH:2
BRF:0
BRH:0
end_of_record
TN:
SF:model\Student.js
FN:125,(anonymous_0)
FN:152,runAggregation
FN:173,(anonymous_2)
FN:183,(anonymous_3)
FN:200,(anonymous_4)
FNF:5
FNH:0
FNDA:0,(anonymous_0)
FNDA:0,runAggregation
FNDA:0,(anonymous_2)
FNDA:0,(anonymous_3)
FNDA:0,(anonymous_4)
DA:19,1
DA:122,1
DA:125,1
DA:126,0
DA:127,0
DA:128,0
DA:129,0
DA:130,0
DA:133,0
DA:134,0
DA:135,0
DA:153,0
DA:154,0
DA:163,0
DA:165,0
DA:167,0
DA:173,1
DA:175,0
DA:183,0
DA:184,0
DA:185,0
DA:186,0
DA:187,0
DA:188,0
DA:191,0
DA:200,1
DA:201,0
LF:27
LH:5
BRDA:184,0,0,0
BRDA:184,0,1,0
BRDA:185,1,0,0
BRDA:185,1,1,0
BRF:4
BRH:0
end_of_record
TN:
SF:model\Transaction.js
FNF:0
FNH:0
DA:3,1
DA:21,1
LF:2
LH:2
BRF:0
BRH:0
end_of_record
TN:
SF:model\Users.js
FNF:0
FNH:0
DA:3,1
DA:33,1
LF:2
LH:2
BRF:0
BRH:0
end_of_record
TN:
SF:route\client.js
FN:23,(anonymous_0)
FN:26,(anonymous_1)
FN:28,(anonymous_2)
FN:35,(anonymous_3)
FNF:4
FNH:0
FNDA:0,(anonymous_0)
FNDA:0,(anonymous_1)
FNDA:0,(anonymous_2)
FNDA:0,(anonymous_3)
DA:17,1
DA:22,1
DA:23,1
DA:24,0
DA:26,0
DA:27,0
DA:29,0
DA:35,1
DA:36,0
DA:39,1
DA:41,1
DA:42,1
DA:44,1
DA:46,1
DA:48,1
DA:50,1
DA:51,1
DA:52,1
DA:53,1
LF:19
LH:14
BRF:0
BRH:0
end_of_record
TN:
SF:route\general.js
FNF:0
FNH:0
DA:2,1
DA:4,1
LF:2
LH:2
BRF:0
BRH:0
end_of_record
TN:
SF:route\management.js
FNF:0
FNH:0
DA:2,1
LF:1
LH:1
BRF:0
BRH:0
end_of_record
TN:
SF:route\sales.js
FNF:0
FNH:0
DA:2,1
LF:1
LH:1
BRF:0
BRH:0
end_of_record
TN:
SF:uploader\FileUploder.js
FN:14,(anonymous_0)
FN:24,(anonymous_1)
FN:37,(anonymous_2)
FN:82,(anonymous_3)
FN:92,(anonymous_4)
FN:113,removeImage
FN:121,(anonymous_6)
FN:141,(anonymous_7)
FN:146,resizeImage
FN:155,(anonymous_9)
FN:167,(anonymous_10)
FN:174,(anonymous_11)
FNF:12
FNH:2
FNDA:1,(anonymous_0)
FNDA:0,(anonymous_1)
FNDA:0,(anonymous_2)
FNDA:1,(anonymous_3)
FNDA:0,(anonymous_4)
FNDA:0,removeImage
FNDA:0,(anonymous_6)
FNDA:0,(anonymous_7)
FNDA:0,resizeImage
FNDA:0,(anonymous_9)
FNDA:0,(anonymous_10)
FNDA:0,(anonymous_11)
DA:12,1
DA:16,1
DA:17,1
DA:18,1
DA:19,1
DA:20,1
DA:21,1
DA:26,0
DA:27,0
DA:28,0
DA:29,0
DA:30,0
DA:31,0
DA:34,0
DA:37,0
DA:39,0
DA:41,0
DA:42,0
DA:43,0
DA:44,0
DA:48,0
DA:49,0
DA:50,0
DA:51,0
DA:55,0
DA:56,0
DA:57,0
DA:58,0
DA:63,0
DA:64,0
DA:65,0
DA:72,0
DA:75,0
DA:83,1
DA:84,1
DA:88,1
DA:89,1
DA:90,1
DA:92,1
DA:93,0
DA:94,0
DA:95,0
DA:98,0
DA:99,0
DA:107,0
DA:115,0
DA:116,0
DA:118,0
DA:119,0
DA:121,0
DA:122,0
DA:124,0
DA:129,0
DA:132,0
DA:134,0
DA:141,0
DA:143,0
DA:144,0
DA:145,0
DA:147,0
DA:148,0
DA:149,0
DA:150,0
DA:151,0
DA:153,0
DA:155,0
DA:156,0
DA:170,0
DA:176,0
DA:184,0
DA:187,0
DA:189,0
DA:190,0
DA:200,0
LF:74
LH:13
BRDA:14,0,0,0
BRDA:41,1,0,0
BRDA:41,1,1,0
BRDA:43,2,0,0
BRDA:43,2,1,0
BRDA:48,3,0,0
BRDA:48,3,1,0
BRDA:50,4,0,0
BRDA:50,4,1,0
BRDA:55,5,0,0
BRDA:55,5,1,0
BRDA:57,6,0,0
BRDA:57,6,1,0
BRDA:63,7,0,0
BRDA:63,7,1,0
BRDA:64,8,0,0
BRDA:64,8,1,0
BRDA:82,9,0,0
BRDA:82,10,0,0
BRDA:90,11,0,1
BRDA:90,11,1,0
BRDA:94,12,0,0
BRDA:94,12,1,0
BRDA:98,13,0,0
BRDA:98,13,1,0
BRDA:107,14,0,0
BRDA:107,14,1,0
BRDA:115,15,0,0
BRDA:115,15,1,0
BRDA:122,16,0,0
BRDA:122,16,1,0
BRDA:147,17,0,0
BRDA:147,17,1,0
BRDA:170,18,0,0
BRDA:170,18,1,0
BRDA:184,19,0,0
BRDA:184,19,1,0
BRF:37
BRH:1
end_of_record
TN:
SF:uploader\MulterSetting.js
FN:16,(anonymous_0)
FN:38,(anonymous_1)
FN:44,(anonymous_2)
FNF:3
FNH:1
FNDA:2,(anonymous_0)
FNDA:0,(anonymous_1)
FNDA:0,(anonymous_2)
DA:18,2
DA:19,2
DA:22,2
DA:23,0
DA:25,0
DA:26,0
DA:27,0
DA:32,0
DA:35,2
DA:39,0
DA:40,0
DA:45,0
DA:46,0
DA:48,0
DA:57,2
DA:63,2
LF:16
LH:6
BRDA:22,0,0,0
BRDA:22,0,1,2
BRDA:25,1,0,0
BRDA:25,1,1,0
BRF:4
BRH:1
end_of_record
